(7926, 4)
hatespeech                    0
counterspeech                 0
predicted_counterspeech    1400
uuid                          0
dtype: int64
Starting Run
Getting Predictions: 0it [00:00, ?it/s]Getting Predictions: 1it [00:04,  4.26s/it]Getting Predictions: 2it [00:09,  4.56s/it]Getting Predictions: 3it [00:14,  4.85s/it]Getting Predictions: 4it [00:19,  4.90s/it]Getting Predictions: 5it [00:24,  4.97s/it]Getting Predictions: 6it [00:29,  4.92s/it]Getting Predictions: 7it [00:34,  5.00s/it]Getting Predictions: 8it [00:39,  4.96s/it]Getting Predictions: 9it [00:43,  4.83s/it]Getting Predictions: 10it [00:49,  4.99s/it]Getting Predictions: 11it [00:53,  4.80s/it]Getting Predictions: 12it [00:58,  4.88s/it]Getting Predictions: 13it [01:03,  4.87s/it]Getting Predictions: 14it [01:08,  4.90s/it]Getting Predictions: 15it [01:13,  4.93s/it]Getting Predictions: 16it [01:18,  4.97s/it]Getting Predictions: 17it [01:23,  4.90s/it]Getting Predictions: 18it [01:27,  4.79s/it]Getting Predictions: 19it [01:32,  4.80s/it]Getting Predictions: 20it [01:37,  4.81s/it]Getting Predictions: 21it [01:41,  4.76s/it]Getting Predictions: 22it [01:46,  4.69s/it]Getting Predictions: 23it [01:51,  4.66s/it]Getting Predictions: 24it [01:55,  4.64s/it]Getting Predictions: 25it [02:00,  4.66s/it]Getting Predictions: 26it [02:05,  4.96s/it]Getting Predictions: 27it [02:10,  4.92s/it]Getting Predictions: 28it [02:15,  4.91s/it]Getting Predictions: 29it [02:20,  4.93s/it]Getting Predictions: 30it [02:25,  5.00s/it]Getting Predictions: 31it [02:30,  5.01s/it]Getting Predictions: 32it [02:35,  5.00s/it]Getting Predictions: 33it [02:40,  4.84s/it]Getting Predictions: 34it [02:44,  4.72s/it]Getting Predictions: 35it [02:49,  4.73s/it]Getting Predictions: 36it [02:54,  4.76s/it]Getting Predictions: 37it [02:59,  4.89s/it]Getting Predictions: 38it [03:05,  5.14s/it]Getting Predictions: 39it [03:09,  4.95s/it]Getting Predictions: 40it [03:14,  4.96s/it]Getting Predictions: 41it [03:19,  4.91s/it]Getting Predictions: 42it [03:24,  5.07s/it]Getting Predictions: 43it [03:29,  4.98s/it]Getting Predictions: 44it [03:34,  4.97s/it]Getting Predictions: 45it [03:39,  4.80s/it]Getting Predictions: 46it [03:43,  4.76s/it]Getting Predictions: 47it [03:48,  4.74s/it]Getting Predictions: 48it [03:53,  4.77s/it]Getting Predictions: 49it [03:58,  4.88s/it]Getting Predictions: 50it [04:03,  4.89s/it]Getting Predictions: 51it [04:08,  4.84s/it]Getting Predictions: 52it [04:12,  4.85s/it]Getting Predictions: 53it [04:17,  4.88s/it]Getting Predictions: 54it [04:22,  4.78s/it]Getting Predictions: 55it [04:27,  4.74s/it]Getting Predictions: 56it [04:31,  4.75s/it]Getting Predictions: 57it [04:36,  4.80s/it]Getting Predictions: 58it [04:41,  4.86s/it]Getting Predictions: 59it [04:46,  4.78s/it]Getting Predictions: 60it [04:51,  4.78s/it]Getting Predictions: 61it [04:56,  4.82s/it]Getting Predictions: 62it [05:01,  4.91s/it]Getting Predictions: 63it [05:05,  4.86s/it]Getting Predictions: 64it [05:10,  4.87s/it]Getting Predictions: 65it [05:15,  4.86s/it]Getting Predictions: 66it [05:20,  4.86s/it]Getting Predictions: 67it [05:25,  5.02s/it]Getting Predictions: 68it [05:31,  5.09s/it]Getting Predictions: 69it [05:35,  4.94s/it]Getting Predictions: 70it [05:40,  4.90s/it]Getting Predictions: 71it [05:45,  4.85s/it]Getting Predictions: 72it [05:50,  4.87s/it]Getting Predictions: 73it [05:55,  4.95s/it]Getting Predictions: 74it [05:59,  4.83s/it]Getting Predictions: 75it [06:05,  5.03s/it]Getting Predictions: 76it [06:09,  4.83s/it]Getting Predictions: 77it [06:14,  4.78s/it]Getting Predictions: 78it [06:19,  4.90s/it]Getting Predictions: 79it [06:24,  4.77s/it]Getting Predictions: 80it [06:28,  4.74s/it]Getting Predictions: 81it [06:33,  4.67s/it]Getting Predictions: 82it [06:37,  4.61s/it]Getting Predictions: 83it [06:42,  4.74s/it]Getting Predictions: 84it [06:47,  4.72s/it]Getting Predictions: 85it [06:52,  4.85s/it]Getting Predictions: 86it [06:57,  4.91s/it]Getting Predictions: 87it [07:02,  4.86s/it]Getting Predictions: 88it [07:07,  4.93s/it]Getting Predictions: 89it [07:12,  4.83s/it]Getting Predictions: 90it [07:16,  4.78s/it]Getting Predictions: 91it [07:21,  4.81s/it]Getting Predictions: 92it [07:26,  4.69s/it]Getting Predictions: 93it [07:30,  4.68s/it]Getting Predictions: 94it [07:35,  4.71s/it]Getting Predictions: 95it [07:40,  4.79s/it]Getting Predictions: 96it [07:44,  4.69s/it]Getting Predictions: 97it [07:49,  4.82s/it]Getting Predictions: 98it [07:54,  4.72s/it]Getting Predictions: 99it [07:59,  4.85s/it]Getting Predictions: 100it [08:04,  4.81s/it]Getting Predictions: 101it [08:09,  4.81s/it]Getting Predictions: 102it [08:13,  4.80s/it]Getting Predictions: 103it [08:18,  4.78s/it]Getting Predictions: 104it [08:23,  4.84s/it]Getting Predictions: 105it [08:28,  4.87s/it]Getting Predictions: 106it [08:33,  4.80s/it]Getting Predictions: 107it [08:37,  4.76s/it]Getting Predictions: 108it [08:43,  4.87s/it]Getting Predictions: 109it [08:47,  4.88s/it]Getting Predictions: 110it [08:52,  4.91s/it]Getting Predictions: 111it [08:57,  4.78s/it]Getting Predictions: 112it [09:02,  4.78s/it]Getting Predictions: 113it [09:06,  4.74s/it]Getting Predictions: 114it [09:11,  4.71s/it]Getting Predictions: 115it [09:15,  4.62s/it]Getting Predictions: 116it [09:20,  4.73s/it]Getting Predictions: 117it [09:25,  4.73s/it]Getting Predictions: 118it [09:30,  4.68s/it]Getting Predictions: 119it [09:35,  4.81s/it]Getting Predictions: 120it [09:39,  4.69s/it]Getting Predictions: 121it [09:44,  4.73s/it]Getting Predictions: 122it [09:49,  4.78s/it]Getting Predictions: 123it [09:54,  4.78s/it]Getting Predictions: 124it [09:58,  4.79s/it]Getting Predictions: 125it [10:04,  4.86s/it]Getting Predictions: 126it [10:08,  4.82s/it]Getting Predictions: 127it [10:13,  4.82s/it]Getting Predictions: 128it [10:18,  4.84s/it]Getting Predictions: 129it [10:23,  4.82s/it]Getting Predictions: 130it [10:28,  4.82s/it]Getting Predictions: 131it [10:32,  4.80s/it]Getting Predictions: 132it [10:37,  4.76s/it]Getting Predictions: 133it [10:42,  4.73s/it]Getting Predictions: 134it [10:46,  4.77s/it]Getting Predictions: 135it [10:51,  4.68s/it]Getting Predictions: 136it [10:55,  4.64s/it]Getting Predictions: 137it [11:00,  4.56s/it]Getting Predictions: 138it [11:05,  4.66s/it]Getting Predictions: 139it [11:10,  4.71s/it]Getting Predictions: 140it [11:14,  4.70s/it]Getting Predictions: 141it [11:19,  4.75s/it]Getting Predictions: 142it [11:23,  4.63s/it]Getting Predictions: 143it [11:28,  4.68s/it]Getting Predictions: 144it [11:33,  4.71s/it]Getting Predictions: 145it [11:37,  4.61s/it]Getting Predictions: 146it [11:42,  4.60s/it]Getting Predictions: 147it [11:46,  4.52s/it]Getting Predictions: 148it [11:51,  4.58s/it]Getting Predictions: 149it [11:56,  4.65s/it]Getting Predictions: 150it [12:01,  4.68s/it]Getting Predictions: 151it [12:06,  4.88s/it]Getting Predictions: 152it [12:11,  4.91s/it]Getting Predictions: 153it [12:16,  4.83s/it]Getting Predictions: 154it [12:21,  4.94s/it]Getting Predictions: 155it [12:26,  4.88s/it]Getting Predictions: 156it [12:30,  4.82s/it]Getting Predictions: 157it [12:35,  4.77s/it]Getting Predictions: 158it [12:40,  4.76s/it]Getting Predictions: 159it [12:44,  4.75s/it]Getting Predictions: 160it [12:49,  4.75s/it]Getting Predictions: 161it [12:54,  4.78s/it]Getting Predictions: 162it [12:59,  4.80s/it]Getting Predictions: 163it [13:04,  4.86s/it]Getting Predictions: 164it [13:09,  5.01s/it]Getting Predictions: 165it [13:14,  5.01s/it]Getting Predictions: 166it [13:19,  5.08s/it]Getting Predictions: 167it [13:24,  4.94s/it]Getting Predictions: 168it [13:29,  4.82s/it]Getting Predictions: 169it [13:33,  4.80s/it]Getting Predictions: 170it [13:38,  4.73s/it]Getting Predictions: 171it [13:43,  4.89s/it]Getting Predictions: 172it [13:48,  4.83s/it]Getting Predictions: 173it [13:52,  4.73s/it]Getting Predictions: 174it [13:57,  4.72s/it]Getting Predictions: 175it [14:02,  4.73s/it]Getting Predictions: 176it [14:07,  4.74s/it]Getting Predictions: 177it [14:11,  4.74s/it]Getting Predictions: 178it [14:16,  4.79s/it]Getting Predictions: 179it [14:21,  4.83s/it]Getting Predictions: 180it [14:26,  4.81s/it]Getting Predictions: 181it [14:31,  4.85s/it]Getting Predictions: 182it [14:36,  4.88s/it]Getting Predictions: 183it [14:40,  4.82s/it]Getting Predictions: 184it [14:46,  4.92s/it]Getting Predictions: 185it [14:51,  4.93s/it]Getting Predictions: 186it [14:55,  4.89s/it]Getting Predictions: 187it [15:00,  4.92s/it]Getting Predictions: 188it [15:06,  5.05s/it]Getting Predictions: 189it [15:10,  4.96s/it]Getting Predictions: 190it [15:15,  4.78s/it]Getting Predictions: 191it [15:20,  4.87s/it]Getting Predictions: 192it [15:25,  4.92s/it]Getting Predictions: 193it [15:29,  4.79s/it]Getting Predictions: 194it [15:34,  4.79s/it]Getting Predictions: 195it [15:39,  4.86s/it]Getting Predictions: 196it [15:44,  4.78s/it]Getting Predictions: 197it [15:48,  4.71s/it]Getting Predictions: 198it [15:53,  4.72s/it]Getting Predictions: 199it [15:57,  4.61s/it]Getting Predictions: 200it [16:02,  4.64s/it]Getting Predictions: 201it [16:07,  4.74s/it]Getting Predictions: 202it [16:12,  4.76s/it]Getting Predictions: 203it [16:17,  4.79s/it]Getting Predictions: 204it [16:22,  4.84s/it]Getting Predictions: 205it [16:27,  4.88s/it]Getting Predictions: 206it [16:32,  4.98s/it]Getting Predictions: 207it [16:37,  4.94s/it]Getting Predictions: 208it [16:41,  4.76s/it]Getting Predictions: 209it [16:46,  4.76s/it]Getting Predictions: 210it [16:51,  4.86s/it]Getting Predictions: 211it [16:56,  4.82s/it]Getting Predictions: 212it [17:00,  4.75s/it]Getting Predictions: 213it [17:05,  4.69s/it]Getting Predictions: 214it [17:09,  4.68s/it]Getting Predictions: 215it [17:14,  4.67s/it]Getting Predictions: 216it [17:19,  4.67s/it]Getting Predictions: 217it [17:23,  4.66s/it]Getting Predictions: 218it [17:29,  4.80s/it]Getting Predictions: 219it [17:33,  4.76s/it]Getting Predictions: 220it [17:38,  4.82s/it]Getting Predictions: 221it [17:43,  4.78s/it]Getting Predictions: 222it [17:47,  4.68s/it]Getting Predictions: 223it [17:52,  4.69s/it]Getting Predictions: 224it [17:56,  4.61s/it]Getting Predictions: 225it [18:01,  4.70s/it]Getting Predictions: 226it [18:06,  4.79s/it]Getting Predictions: 227it [18:11,  4.86s/it]Getting Predictions: 228it [18:16,  4.84s/it]Getting Predictions: 229it [18:21,  4.91s/it]Getting Predictions: 230it [18:26,  4.93s/it]Getting Predictions: 231it [18:31,  4.98s/it]Getting Predictions: 232it [18:36,  4.84s/it]Getting Predictions: 233it [18:41,  4.88s/it]Getting Predictions: 234it [18:46,  4.89s/it]Getting Predictions: 235it [18:51,  4.93s/it]Getting Predictions: 236it [18:55,  4.88s/it]Getting Predictions: 237it [19:01,  5.01s/it]Getting Predictions: 238it [19:05,  4.90s/it]Getting Predictions: 239it [19:10,  4.88s/it]Getting Predictions: 240it [19:15,  4.87s/it]Getting Predictions: 241it [19:20,  4.91s/it]Getting Predictions: 242it [19:25,  4.86s/it]Getting Predictions: 243it [19:30,  4.80s/it]Getting Predictions: 244it [19:34,  4.80s/it]Getting Predictions: 245it [19:39,  4.77s/it]Getting Predictions: 246it [19:44,  4.81s/it]Getting Predictions: 247it [19:49,  4.76s/it]Getting Predictions: 248it [19:53,  4.71s/it]Getting Predictions: 249it [19:58,  4.77s/it]Getting Predictions: 250it [20:03,  4.95s/it]Getting Predictions: 251it [20:09,  4.98s/it]Getting Predictions: 252it [20:14,  4.98s/it]Getting Predictions: 253it [20:18,  4.88s/it]Getting Predictions: 254it [20:23,  4.95s/it]Getting Predictions: 255it [20:28,  4.97s/it]Getting Predictions: 256it [20:33,  4.93s/it]Getting Predictions: 257it [20:38,  4.97s/it]Getting Predictions: 258it [20:43,  4.87s/it]Getting Predictions: 259it [20:48,  4.95s/it]Getting Predictions: 260it [20:53,  5.01s/it]Getting Predictions: 261it [20:58,  4.94s/it]Getting Predictions: 262it [21:02,  4.82s/it]Getting Predictions: 263it [21:08,  5.12s/it]Getting Predictions: 264it [21:13,  5.02s/it]Getting Predictions: 265it [21:18,  4.95s/it]Getting Predictions: 266it [21:23,  4.88s/it]Getting Predictions: 267it [21:27,  4.91s/it]Getting Predictions: 268it [21:32,  4.92s/it]Getting Predictions: 269it [21:37,  4.95s/it]Getting Predictions: 270it [21:43,  5.01s/it]Getting Predictions: 271it [21:48,  5.09s/it]Getting Predictions: 272it [21:53,  4.98s/it]Getting Predictions: 273it [21:57,  4.90s/it]Getting Predictions: 274it [22:02,  4.87s/it]Getting Predictions: 275it [22:07,  4.83s/it]Getting Predictions: 276it [22:12,  4.90s/it]Getting Predictions: 277it [22:17,  4.97s/it]Getting Predictions: 278it [22:21,  4.80s/it]Getting Predictions: 279it [22:26,  4.83s/it]Getting Predictions: 280it [22:31,  4.80s/it]Getting Predictions: 281it [22:36,  4.79s/it]Getting Predictions: 282it [22:41,  4.83s/it]Getting Predictions: 283it [22:46,  4.83s/it]Getting Predictions: 284it [22:50,  4.77s/it]Getting Predictions: 285it [22:55,  4.73s/it]Getting Predictions: 286it [23:00,  4.71s/it]Getting Predictions: 287it [23:04,  4.66s/it]Getting Predictions: 288it [23:09,  4.82s/it]Getting Predictions: 289it [23:14,  4.84s/it]Getting Predictions: 290it [23:19,  4.83s/it]Getting Predictions: 291it [23:24,  4.92s/it]Getting Predictions: 292it [23:29,  4.93s/it]Getting Predictions: 293it [23:34,  4.84s/it]Getting Predictions: 294it [23:39,  4.92s/it]Getting Predictions: 295it [23:44,  4.89s/it]Getting Predictions: 296it [23:49,  4.95s/it]Getting Predictions: 297it [23:53,  4.76s/it]Getting Predictions: 298it [23:58,  4.73s/it]Getting Predictions: 299it [24:02,  4.70s/it]Getting Predictions: 300it [24:08,  4.92s/it]Getting Predictions: 301it [24:13,  5.01s/it]Getting Predictions: 302it [24:18,  5.12s/it]Getting Predictions: 303it [24:24,  5.15s/it]Getting Predictions: 304it [24:28,  4.99s/it]Getting Predictions: 305it [24:33,  4.83s/it]Getting Predictions: 306it [24:38,  5.05s/it]Getting Predictions: 307it [24:43,  5.06s/it]Getting Predictions: 308it [24:48,  5.09s/it]Getting Predictions: 309it [24:53,  5.00s/it]Getting Predictions: 310it [24:58,  4.96s/it]Getting Predictions: 311it [25:03,  4.91s/it]Getting Predictions: 312it [25:08,  4.84s/it]Getting Predictions: 313it [25:12,  4.74s/it]Getting Predictions: 314it [25:17,  4.85s/it]Getting Predictions: 315it [25:22,  4.88s/it]Getting Predictions: 316it [25:27,  4.84s/it]Getting Predictions: 317it [25:32,  4.94s/it]Getting Predictions: 318it [25:37,  5.02s/it]Getting Predictions: 319it [25:42,  4.90s/it]Getting Predictions: 320it [25:47,  4.92s/it]Getting Predictions: 321it [25:51,  4.78s/it]Getting Predictions: 322it [25:56,  4.72s/it]Getting Predictions: 323it [26:00,  4.66s/it]Getting Predictions: 324it [26:05,  4.65s/it]Getting Predictions: 325it [26:09,  4.60s/it]Getting Predictions: 326it [26:15,  4.77s/it]Getting Predictions: 327it [26:20,  4.80s/it]Getting Predictions: 328it [26:25,  4.95s/it]Getting Predictions: 329it [26:30,  4.92s/it]Getting Predictions: 330it [26:34,  4.85s/it]Getting Predictions: 331it [26:39,  4.86s/it]Getting Predictions: 332it [26:44,  4.71s/it]Getting Predictions: 333it [26:49,  4.77s/it]Getting Predictions: 334it [26:53,  4.79s/it]Getting Predictions: 335it [26:58,  4.80s/it]Getting Predictions: 336it [27:03,  4.89s/it]Getting Predictions: 337it [27:09,  5.14s/it]Getting Predictions: 338it [27:14,  5.05s/it]Getting Predictions: 339it [27:19,  5.06s/it]Getting Predictions: 340it [27:24,  4.96s/it]Getting Predictions: 341it [27:29,  5.01s/it]Getting Predictions: 342it [27:34,  4.95s/it]Getting Predictions: 343it [27:39,  5.04s/it]Getting Predictions: 344it [27:44,  5.00s/it]Getting Predictions: 345it [27:49,  5.02s/it]Getting Predictions: 346it [27:54,  5.03s/it]Getting Predictions: 347it [27:58,  4.87s/it]Getting Predictions: 348it [28:03,  4.88s/it]Getting Predictions: 349it [28:08,  4.96s/it]Getting Predictions: 350it [28:13,  4.98s/it]Getting Predictions: 351it [28:18,  5.00s/it]Getting Predictions: 352it [28:23,  4.98s/it]Getting Predictions: 353it [28:28,  4.98s/it]Getting Predictions: 354it [28:33,  4.99s/it]Getting Predictions: 355it [28:38,  4.82s/it]Getting Predictions: 356it [28:43,  4.87s/it]Getting Predictions: 357it [28:47,  4.77s/it]Getting Predictions: 358it [28:53,  4.90s/it]Getting Predictions: 359it [28:58,  5.00s/it]Getting Predictions: 360it [29:03,  5.02s/it]Getting Predictions: 361it [29:08,  4.96s/it]Getting Predictions: 362it [29:13,  4.97s/it]Getting Predictions: 363it [29:17,  4.92s/it]Getting Predictions: 364it [29:23,  5.01s/it]Getting Predictions: 365it [29:27,  4.89s/it]Getting Predictions: 366it [29:32,  4.95s/it]Getting Predictions: 367it [29:37,  4.92s/it]Getting Predictions: 368it [29:42,  4.92s/it]Getting Predictions: 369it [29:47,  4.98s/it]Getting Predictions: 370it [29:52,  4.79s/it]Getting Predictions: 371it [29:56,  4.78s/it]Getting Predictions: 372it [30:02,  4.89s/it]Getting Predictions: 373it [30:07,  4.97s/it]Getting Predictions: 374it [30:11,  4.90s/it]Getting Predictions: 375it [30:16,  4.89s/it]Getting Predictions: 376it [30:21,  4.97s/it]Getting Predictions: 377it [30:26,  4.89s/it]Getting Predictions: 378it [30:31,  4.80s/it]Getting Predictions: 379it [30:36,  4.83s/it]Getting Predictions: 380it [30:41,  4.90s/it]Getting Predictions: 381it [30:45,  4.85s/it]Getting Predictions: 382it [30:50,  4.86s/it]Getting Predictions: 383it [30:55,  4.75s/it]Getting Predictions: 384it [31:00,  4.79s/it]Getting Predictions: 385it [31:05,  4.88s/it]Getting Predictions: 386it [31:10,  4.89s/it]Getting Predictions: 387it [31:15,  4.91s/it]Getting Predictions: 388it [31:19,  4.84s/it]Getting Predictions: 389it [31:24,  4.85s/it]Getting Predictions: 390it [31:29,  4.91s/it]Getting Predictions: 391it [31:34,  4.98s/it]Getting Predictions: 392it [31:39,  4.92s/it]Getting Predictions: 393it [31:44,  4.79s/it]Getting Predictions: 394it [31:48,  4.71s/it]Getting Predictions: 395it [31:53,  4.86s/it]Getting Predictions: 396it [31:59,  4.96s/it]Getting Predictions: 397it [32:04,  5.06s/it]Getting Predictions: 398it [32:09,  5.10s/it]Getting Predictions: 399it [32:14,  5.07s/it]Getting Predictions: 400it [32:19,  5.11s/it]Getting Predictions: 401it [32:24,  5.01s/it]Getting Predictions: 402it [32:29,  4.96s/it]Getting Predictions: 403it [32:34,  5.11s/it]Getting Predictions: 404it [32:40,  5.14s/it]Getting Predictions: 405it [32:45,  5.09s/it]Getting Predictions: 406it [32:49,  5.03s/it]Getting Predictions: 407it [32:55,  5.07s/it]Getting Predictions: 408it [33:00,  5.06s/it]Getting Predictions: 409it [33:04,  4.96s/it]Getting Predictions: 410it [33:10,  5.30s/it]Getting Predictions: 411it [33:15,  5.08s/it]Getting Predictions: 412it [33:20,  5.03s/it]Getting Predictions: 413it [33:26,  5.19s/it]Getting Predictions: 414it [33:31,  5.13s/it]Getting Predictions: 415it [33:35,  4.94s/it]Getting Predictions: 416it [33:40,  4.96s/it]Getting Predictions: 417it [33:45,  5.02s/it]Getting Predictions: 418it [33:51,  5.11s/it]Getting Predictions: 419it [33:56,  5.15s/it]Getting Predictions: 420it [34:01,  5.23s/it]Getting Predictions: 421it [34:06,  5.15s/it]Getting Predictions: 422it [34:11,  5.06s/it]Getting Predictions: 423it [34:16,  4.94s/it]Getting Predictions: 424it [34:20,  4.91s/it]Getting Predictions: 425it [34:25,  4.93s/it]Getting Predictions: 426it [34:30,  4.84s/it]Getting Predictions: 427it [34:35,  4.79s/it]Getting Predictions: 428it [34:40,  4.86s/it]Getting Predictions: 429it [34:45,  4.88s/it]Getting Predictions: 430it [34:50,  4.93s/it]Getting Predictions: 431it [34:55,  4.98s/it]Getting Predictions: 432it [35:00,  5.00s/it]Getting Predictions: 433it [35:05,  5.09s/it]Getting Predictions: 434it [35:10,  5.06s/it]Getting Predictions: 435it [35:15,  5.00s/it]Getting Predictions: 436it [35:20,  4.97s/it]Getting Predictions: 437it [35:25,  4.86s/it]Getting Predictions: 438it [35:30,  4.95s/it]Getting Predictions: 439it [35:34,  4.90s/it]Getting Predictions: 440it [35:40,  5.06s/it]Getting Predictions: 441it [35:44,  4.88s/it]Getting Predictions: 442it [35:49,  4.93s/it]Getting Predictions: 443it [35:54,  4.81s/it]Getting Predictions: 444it [35:58,  4.72s/it]Getting Predictions: 445it [36:03,  4.78s/it]Getting Predictions: 446it [36:09,  5.08s/it]Getting Predictions: 447it [36:15,  5.19s/it]Getting Predictions: 448it [36:20,  5.30s/it]Getting Predictions: 449it [36:25,  5.19s/it]Getting Predictions: 450it [36:30,  5.10s/it]Getting Predictions: 451it [36:35,  5.03s/it]Getting Predictions: 452it [36:40,  5.02s/it]Getting Predictions: 453it [36:45,  4.92s/it]Getting Predictions: 454it [36:49,  4.89s/it]Getting Predictions: 455it [36:54,  4.81s/it]Getting Predictions: 456it [36:59,  4.79s/it]Getting Predictions: 457it [37:04,  4.79s/it]Getting Predictions: 458it [37:09,  4.93s/it]Getting Predictions: 459it [37:14,  4.89s/it]Getting Predictions: 460it [37:18,  4.80s/it]Getting Predictions: 461it [37:23,  4.85s/it]Getting Predictions: 462it [37:28,  4.88s/it]Getting Predictions: 463it [37:33,  4.86s/it]Getting Predictions: 464it [37:38,  4.90s/it]Getting Predictions: 465it [37:43,  4.85s/it]Getting Predictions: 466it [37:47,  4.84s/it]Getting Predictions: 467it [37:52,  4.78s/it]Getting Predictions: 468it [37:57,  4.85s/it]Getting Predictions: 469it [38:02,  4.79s/it]Getting Predictions: 470it [38:07,  4.85s/it]Getting Predictions: 471it [38:11,  4.81s/it]Getting Predictions: 472it [38:16,  4.85s/it]Getting Predictions: 473it [38:21,  4.90s/it]Getting Predictions: 474it [38:26,  4.93s/it]Getting Predictions: 475it [38:32,  5.00s/it]Getting Predictions: 476it [38:36,  4.93s/it]Getting Predictions: 477it [38:41,  4.86s/it]Getting Predictions: 478it [38:46,  4.78s/it]Getting Predictions: 479it [38:51,  4.89s/it]Getting Predictions: 480it [38:55,  4.72s/it]Getting Predictions: 481it [39:00,  4.81s/it]Getting Predictions: 482it [39:05,  4.94s/it]Getting Predictions: 483it [39:11,  5.10s/it]Getting Predictions: 484it [39:15,  4.95s/it]Getting Predictions: 485it [39:20,  4.93s/it]Getting Predictions: 486it [39:25,  5.00s/it]Getting Predictions: 487it [39:30,  4.88s/it]Getting Predictions: 488it [39:35,  4.91s/it]Getting Predictions: 489it [39:40,  4.77s/it]Getting Predictions: 490it [39:44,  4.79s/it]Getting Predictions: 491it [39:49,  4.85s/it]Getting Predictions: 492it [39:54,  4.79s/it]Getting Predictions: 493it [39:58,  4.70s/it]Getting Predictions: 494it [40:03,  4.73s/it]Getting Predictions: 495it [40:08,  4.75s/it]Getting Predictions: 496it [40:13,  4.71s/it]Getting Predictions: 497it [40:18,  4.74s/it]Getting Predictions: 498it [40:22,  4.80s/it]Getting Predictions: 499it [40:27,  4.80s/it]Getting Predictions: 500it [40:32,  4.93s/it]Getting Predictions: 501it [40:38,  5.01s/it]Getting Predictions: 502it [40:42,  4.90s/it]Getting Predictions: 503it [40:47,  4.98s/it]Getting Predictions: 504it [40:52,  4.92s/it]Getting Predictions: 505it [40:57,  4.90s/it]Getting Predictions: 506it [41:02,  4.89s/it]Getting Predictions: 507it [41:07,  4.80s/it]Getting Predictions: 508it [41:13,  5.36s/it]Getting Predictions: 509it [41:18,  5.18s/it]Getting Predictions: 510it [41:23,  5.05s/it]Getting Predictions: 511it [41:28,  5.02s/it]Getting Predictions: 512it [41:32,  4.83s/it]Getting Predictions: 513it [41:37,  4.78s/it]Getting Predictions: 514it [41:41,  4.73s/it]Getting Predictions: 515it [41:46,  4.72s/it]Getting Predictions: 516it [41:51,  4.76s/it]Getting Predictions: 517it [41:56,  4.74s/it]Getting Predictions: 518it [42:00,  4.73s/it]Getting Predictions: 519it [42:05,  4.82s/it]Getting Predictions: 520it [42:11,  5.06s/it]Getting Predictions: 521it [42:16,  5.11s/it]Getting Predictions: 522it [42:21,  4.90s/it]Getting Predictions: 523it [42:25,  4.83s/it]Getting Predictions: 524it [42:30,  4.73s/it]Getting Predictions: 525it [42:34,  4.61s/it]Getting Predictions: 526it [42:39,  4.74s/it]Getting Predictions: 527it [42:44,  4.69s/it]Getting Predictions: 528it [42:48,  4.66s/it]Getting Predictions: 529it [42:53,  4.74s/it]Getting Predictions: 530it [42:58,  4.73s/it]Getting Predictions: 531it [43:02,  4.67s/it]Getting Predictions: 532it [43:07,  4.74s/it]Getting Predictions: 533it [43:12,  4.74s/it]Getting Predictions: 534it [43:17,  4.78s/it]Getting Predictions: 535it [43:21,  4.69s/it]Getting Predictions: 536it [43:26,  4.74s/it]Getting Predictions: 537it [43:31,  4.69s/it]Getting Predictions: 538it [43:36,  4.76s/it]Getting Predictions: 539it [43:41,  4.99s/it]Getting Predictions: 540it [43:47,  5.06s/it]Getting Predictions: 541it [43:51,  5.03s/it]Getting Predictions: 542it [43:57,  5.07s/it]Getting Predictions: 543it [44:01,  4.95s/it]Getting Predictions: 544it [44:06,  4.97s/it]Getting Predictions: 545it [44:11,  4.97s/it]Getting Predictions: 546it [44:16,  4.92s/it]Getting Predictions: 547it [44:21,  4.95s/it]Getting Predictions: 548it [44:26,  4.84s/it]Getting Predictions: 549it [44:31,  4.90s/it]Getting Predictions: 550it [44:36,  4.97s/it]Getting Predictions: 551it [44:41,  4.88s/it]Getting Predictions: 552it [44:46,  4.94s/it]Getting Predictions: 553it [44:50,  4.91s/it]Getting Predictions: 554it [44:55,  4.89s/it]Getting Predictions: 555it [45:00,  4.84s/it]Getting Predictions: 556it [45:05,  4.89s/it]Getting Predictions: 557it [45:10,  4.85s/it]Getting Predictions: 558it [45:15,  4.84s/it]Getting Predictions: 559it [45:20,  4.86s/it]Getting Predictions: 560it [45:25,  4.92s/it]Getting Predictions: 561it [45:29,  4.91s/it]Getting Predictions: 562it [45:34,  4.90s/it]Getting Predictions: 563it [45:39,  4.84s/it]Getting Predictions: 564it [45:44,  4.81s/it]Getting Predictions: 565it [45:49,  4.81s/it]Getting Predictions: 566it [45:53,  4.83s/it]Getting Predictions: 567it [45:58,  4.77s/it]Getting Predictions: 568it [46:03,  4.88s/it]Getting Predictions: 569it [46:08,  4.88s/it]Getting Predictions: 570it [46:13,  4.77s/it]Getting Predictions: 571it [46:18,  4.83s/it]Getting Predictions: 572it [46:22,  4.84s/it]Getting Predictions: 573it [46:28,  4.99s/it]Getting Predictions: 574it [46:33,  5.06s/it]Getting Predictions: 575it [46:38,  5.15s/it]Getting Predictions: 576it [46:43,  5.00s/it]Getting Predictions: 577it [46:48,  5.05s/it]Getting Predictions: 578it [46:54,  5.17s/it]Getting Predictions: 579it [46:58,  5.06s/it]Getting Predictions: 580it [47:03,  4.91s/it]Getting Predictions: 581it [47:08,  5.03s/it]Getting Predictions: 582it [47:13,  5.04s/it]Getting Predictions: 583it [47:18,  4.96s/it]Getting Predictions: 584it [47:24,  5.07s/it]Getting Predictions: 585it [47:28,  5.02s/it]Getting Predictions: 586it [47:33,  4.93s/it]Getting Predictions: 587it [47:38,  4.83s/it]Getting Predictions: 588it [47:43,  4.85s/it]Getting Predictions: 589it [47:47,  4.80s/it]Getting Predictions: 590it [47:52,  4.68s/it]Getting Predictions: 591it [47:57,  4.75s/it]Getting Predictions: 592it [48:02,  4.80s/it]Getting Predictions: 593it [48:06,  4.77s/it]Getting Predictions: 594it [48:12,  4.99s/it]Getting Predictions: 595it [48:16,  4.91s/it]Getting Predictions: 596it [48:22,  5.11s/it]Getting Predictions: 597it [48:28,  5.27s/it]Getting Predictions: 598it [48:33,  5.22s/it]Getting Predictions: 599it [48:38,  5.32s/it]Getting Predictions: 600it [48:43,  5.19s/it]Getting Predictions: 601it [48:48,  5.21s/it]Getting Predictions: 602it [48:53,  5.11s/it]Getting Predictions: 603it [48:59,  5.13s/it]Getting Predictions: 604it [49:03,  4.97s/it]Getting Predictions: 605it [49:08,  4.90s/it]Getting Predictions: 606it [49:13,  4.92s/it]Getting Predictions: 607it [49:17,  4.84s/it]Getting Predictions: 608it [49:23,  5.11s/it]Getting Predictions: 609it [49:28,  5.06s/it]Getting Predictions: 610it [49:33,  5.03s/it]Getting Predictions: 611it [49:38,  4.99s/it]Getting Predictions: 612it [49:43,  4.88s/it]Getting Predictions: 613it [49:47,  4.86s/it]Getting Predictions: 614it [49:52,  4.85s/it]Getting Predictions: 615it [49:57,  4.75s/it]Getting Predictions: 616it [50:02,  4.78s/it]Getting Predictions: 617it [50:06,  4.70s/it]Getting Predictions: 618it [50:11,  4.83s/it]Getting Predictions: 619it [50:16,  4.84s/it]Getting Predictions: 620it [50:21,  4.91s/it]Getting Predictions: 621it [50:26,  4.89s/it]Getting Predictions: 622it [50:31,  4.85s/it]Getting Predictions: 623it [50:35,  4.79s/it]Getting Predictions: 624it [50:40,  4.81s/it]Getting Predictions: 625it [50:45,  4.68s/it]Getting Predictions: 626it [50:49,  4.68s/it]Getting Predictions: 627it [50:54,  4.64s/it]Getting Predictions: 628it [50:59,  4.87s/it]Getting Predictions: 629it [51:04,  4.92s/it]Getting Predictions: 630it [51:09,  4.87s/it]Getting Predictions: 631it [51:14,  4.91s/it]Getting Predictions: 632it [51:19,  4.92s/it]Getting Predictions: 633it [51:24,  4.94s/it]Getting Predictions: 634it [51:29,  4.96s/it]Getting Predictions: 635it [51:34,  4.92s/it]Getting Predictions: 636it [51:38,  4.79s/it]Getting Predictions: 637it [51:43,  4.84s/it]Getting Predictions: 638it [51:48,  4.77s/it]Getting Predictions: 639it [51:53,  4.85s/it]Getting Predictions: 640it [51:58,  4.79s/it]Getting Predictions: 641it [52:02,  4.73s/it]Getting Predictions: 642it [52:08,  4.91s/it]Getting Predictions: 643it [52:12,  4.87s/it]Getting Predictions: 644it [52:17,  4.91s/it]Getting Predictions: 645it [52:23,  5.00s/it]Getting Predictions: 646it [52:28,  5.17s/it]Getting Predictions: 647it [52:33,  5.07s/it]Getting Predictions: 648it [52:38,  5.10s/it]Getting Predictions: 649it [52:43,  4.97s/it]Getting Predictions: 650it [52:48,  4.90s/it]Getting Predictions: 651it [52:52,  4.76s/it]Getting Predictions: 652it [52:57,  4.77s/it]Getting Predictions: 653it [53:02,  4.82s/it]Getting Predictions: 654it [53:06,  4.76s/it]Getting Predictions: 655it [53:11,  4.75s/it]Getting Predictions: 656it [53:16,  4.78s/it]Getting Predictions: 657it [53:21,  4.83s/it]Getting Predictions: 658it [53:25,  4.75s/it]Getting Predictions: 659it [53:30,  4.77s/it]Getting Predictions: 660it [53:35,  4.79s/it]Getting Predictions: 661it [53:40,  4.91s/it]Getting Predictions: 662it [53:45,  5.01s/it]Getting Predictions: 663it [53:51,  5.02s/it]Getting Predictions: 664it [53:56,  5.08s/it]Getting Predictions: 665it [54:01,  5.13s/it]Getting Predictions: 666it [54:06,  5.07s/it]Getting Predictions: 667it [54:10,  4.92s/it]Getting Predictions: 668it [54:16,  5.05s/it]Getting Predictions: 669it [54:21,  5.02s/it]Getting Predictions: 670it [54:26,  5.17s/it]Getting Predictions: 671it [54:31,  5.04s/it]Getting Predictions: 672it [54:36,  4.94s/it]Getting Predictions: 673it [54:41,  5.03s/it]Getting Predictions: 674it [54:46,  4.96s/it]Getting Predictions: 675it [54:51,  4.93s/it]Getting Predictions: 676it [54:55,  4.79s/it]Getting Predictions: 677it [55:00,  4.81s/it]Getting Predictions: 678it [55:04,  4.72s/it]Getting Predictions: 679it [55:09,  4.65s/it]Getting Predictions: 680it [55:14,  4.88s/it]Getting Predictions: 681it [55:19,  4.79s/it]Getting Predictions: 682it [55:24,  4.88s/it]Getting Predictions: 683it [55:29,  4.87s/it]Getting Predictions: 684it [55:34,  4.90s/it]Getting Predictions: 685it [55:38,  4.75s/it]Getting Predictions: 686it [55:44,  4.97s/it]Getting Predictions: 687it [55:49,  4.96s/it]Getting Predictions: 688it [55:54,  4.94s/it]Getting Predictions: 689it [55:58,  4.89s/it]Getting Predictions: 690it [56:03,  4.81s/it]Getting Predictions: 691it [56:08,  4.96s/it]Getting Predictions: 692it [56:13,  4.93s/it]Getting Predictions: 693it [56:18,  4.88s/it]Getting Predictions: 694it [56:23,  4.80s/it]Getting Predictions: 695it [56:28,  4.93s/it]Getting Predictions: 696it [56:32,  4.87s/it]Getting Predictions: 697it [56:37,  4.85s/it]Getting Predictions: 698it [56:42,  4.89s/it]Getting Predictions: 699it [56:47,  4.94s/it]Getting Predictions: 700it [56:52,  4.89s/it]Getting Predictions: 701it [56:58,  5.05s/it]Getting Predictions: 702it [57:02,  4.94s/it]Getting Predictions: 703it [57:07,  4.87s/it]Getting Predictions: 704it [57:12,  5.03s/it]Getting Predictions: 705it [57:17,  5.05s/it]Getting Predictions: 706it [57:22,  4.92s/it]Getting Predictions: 707it [57:27,  4.93s/it]Getting Predictions: 708it [57:32,  4.97s/it]Getting Predictions: 709it [57:37,  4.99s/it]Getting Predictions: 710it [57:42,  5.09s/it]Getting Predictions: 711it [57:47,  5.07s/it]Getting Predictions: 712it [57:52,  4.99s/it]Getting Predictions: 713it [57:57,  4.95s/it]Getting Predictions: 714it [58:02,  4.90s/it]Getting Predictions: 715it [58:07,  4.89s/it]Getting Predictions: 716it [58:12,  4.89s/it]Getting Predictions: 717it [58:16,  4.82s/it]Getting Predictions: 718it [58:21,  4.87s/it]Getting Predictions: 719it [58:26,  4.80s/it]Getting Predictions: 720it [58:30,  4.67s/it]Getting Predictions: 721it [58:35,  4.75s/it]Getting Predictions: 722it [58:40,  4.75s/it]Getting Predictions: 723it [58:45,  4.87s/it]Getting Predictions: 724it [58:50,  4.94s/it]Getting Predictions: 725it [58:56,  5.06s/it]Getting Predictions: 726it [59:00,  4.91s/it]Getting Predictions: 727it [59:05,  4.88s/it]Getting Predictions: 728it [59:10,  4.97s/it]Getting Predictions: 729it [59:15,  5.00s/it]Getting Predictions: 730it [59:20,  4.99s/it]Getting Predictions: 731it [59:25,  4.97s/it]Getting Predictions: 732it [59:30,  5.05s/it]Getting Predictions: 733it [59:35,  5.09s/it]Getting Predictions: 734it [59:40,  4.98s/it]Getting Predictions: 735it [59:45,  4.93s/it]Getting Predictions: 736it [59:50,  4.81s/it]Getting Predictions: 737it [59:54,  4.80s/it]Getting Predictions: 738it [59:59,  4.73s/it]Getting Predictions: 739it [1:00:04,  4.72s/it]Getting Predictions: 740it [1:00:09,  4.81s/it]Getting Predictions: 741it [1:00:14,  5.02s/it]Getting Predictions: 742it [1:00:18,  4.80s/it]Getting Predictions: 743it [1:00:23,  4.84s/it]Getting Predictions: 744it [1:00:28,  4.71s/it]Getting Predictions: 745it [1:00:33,  4.88s/it]Getting Predictions: 746it [1:00:38,  4.87s/it]Getting Predictions: 747it [1:00:43,  4.89s/it]Getting Predictions: 748it [1:00:48,  4.85s/it]Getting Predictions: 749it [1:00:52,  4.86s/it]Getting Predictions: 750it [1:00:57,  4.90s/it]Getting Predictions: 751it [1:01:02,  4.83s/it]Getting Predictions: 752it [1:01:07,  4.82s/it]Getting Predictions: 753it [1:01:12,  4.78s/it]Getting Predictions: 754it [1:01:17,  4.82s/it]Getting Predictions: 755it [1:01:21,  4.67s/it]Getting Predictions: 756it [1:01:26,  4.68s/it]Getting Predictions: 757it [1:01:30,  4.66s/it]Getting Predictions: 758it [1:01:35,  4.69s/it]Getting Predictions: 759it [1:01:39,  4.62s/it]Getting Predictions: 760it [1:01:45,  4.82s/it]Getting Predictions: 761it [1:01:49,  4.78s/it]Getting Predictions: 762it [1:01:54,  4.64s/it]Getting Predictions: 763it [1:01:58,  4.63s/it]Getting Predictions: 764it [1:02:04,  4.82s/it]Getting Predictions: 765it [1:02:08,  4.80s/it]Getting Predictions: 766it [1:02:13,  4.70s/it]Getting Predictions: 767it [1:02:18,  4.72s/it]Getting Predictions: 768it [1:02:23,  4.80s/it]Getting Predictions: 769it [1:02:27,  4.82s/it]Getting Predictions: 770it [1:02:33,  4.91s/it]Getting Predictions: 771it [1:02:37,  4.92s/it]Getting Predictions: 772it [1:02:42,  4.93s/it]Getting Predictions: 773it [1:02:47,  4.83s/it]Getting Predictions: 774it [1:02:52,  4.78s/it]Getting Predictions: 775it [1:02:56,  4.72s/it]Getting Predictions: 776it [1:03:01,  4.71s/it]Getting Predictions: 777it [1:03:06,  4.84s/it]Getting Predictions: 778it [1:03:11,  4.86s/it]Getting Predictions: 779it [1:03:16,  4.83s/it]Getting Predictions: 780it [1:03:21,  4.86s/it]Getting Predictions: 781it [1:03:26,  4.91s/it]Getting Predictions: 782it [1:03:30,  4.83s/it]Getting Predictions: 783it [1:03:36,  4.93s/it]Getting Predictions: 784it [1:03:40,  4.82s/it]Getting Predictions: 785it [1:03:45,  4.79s/it]Getting Predictions: 786it [1:03:50,  4.82s/it]Getting Predictions: 787it [1:03:55,  4.86s/it]Getting Predictions: 788it [1:03:59,  4.80s/it]Getting Predictions: 789it [1:04:04,  4.80s/it]Getting Predictions: 790it [1:04:09,  4.75s/it]Getting Predictions: 791it [1:04:14,  4.77s/it]Getting Predictions: 792it [1:04:18,  4.78s/it]Getting Predictions: 793it [1:04:23,  4.80s/it]Getting Predictions: 794it [1:04:29,  5.00s/it]Getting Predictions: 795it [1:04:33,  4.91s/it]Getting Predictions: 796it [1:04:38,  4.92s/it]Getting Predictions: 797it [1:04:43,  4.92s/it]Getting Predictions: 798it [1:04:48,  4.93s/it]Getting Predictions: 799it [1:04:53,  4.96s/it]Getting Predictions: 800it [1:04:58,  4.92s/it]Getting Predictions: 801it [1:05:03,  4.94s/it]Getting Predictions: 802it [1:05:08,  5.01s/it]Getting Predictions: 803it [1:05:13,  5.09s/it]Getting Predictions: 804it [1:05:18,  4.94s/it]Getting Predictions: 805it [1:05:23,  4.99s/it]Getting Predictions: 806it [1:05:28,  4.92s/it]Getting Predictions: 807it [1:05:33,  4.91s/it]Getting Predictions: 808it [1:05:38,  4.87s/it]Getting Predictions: 809it [1:05:43,  4.94s/it]Getting Predictions: 810it [1:05:48,  4.98s/it]Getting Predictions: 811it [1:05:52,  4.90s/it]Getting Predictions: 812it [1:05:58,  5.02s/it]Getting Predictions: 813it [1:06:03,  4.99s/it]Getting Predictions: 814it [1:06:07,  4.85s/it]Getting Predictions: 815it [1:06:13,  5.07s/it]Getting Predictions: 816it [1:06:18,  5.20s/it]Getting Predictions: 817it [1:06:23,  5.13s/it]Getting Predictions: 818it [1:06:28,  5.00s/it]Getting Predictions: 819it [1:06:33,  4.99s/it]Getting Predictions: 820it [1:06:38,  4.95s/it]Getting Predictions: 821it [1:06:43,  5.03s/it]Getting Predictions: 822it [1:06:48,  5.01s/it]Getting Predictions: 823it [1:06:53,  5.02s/it]Getting Predictions: 824it [1:06:58,  5.02s/it]Getting Predictions: 825it [1:07:03,  4.86s/it]Getting Predictions: 826it [1:07:08,  4.92s/it]Getting Predictions: 827it [1:07:12,  4.87s/it]Getting Predictions: 828it [1:07:17,  4.80s/it]Getting Predictions: 829it [1:07:22,  4.88s/it]Getting Predictions: 830it [1:07:27,  4.83s/it]Getting Predictions: 831it [1:07:31,  4.77s/it]Getting Predictions: 832it [1:07:36,  4.75s/it]Getting Predictions: 833it [1:07:41,  4.86s/it]Getting Predictions: 834it [1:07:46,  4.78s/it]Getting Predictions: 835it [1:07:51,  4.80s/it]Getting Predictions: 836it [1:07:55,  4.75s/it]Getting Predictions: 837it [1:08:00,  4.86s/it]Getting Predictions: 838it [1:08:05,  4.82s/it]Getting Predictions: 839it [1:08:10,  4.84s/it]Getting Predictions: 840it [1:08:15,  5.01s/it]Getting Predictions: 841it [1:08:20,  4.86s/it]Getting Predictions: 842it [1:08:25,  4.81s/it]Getting Predictions: 843it [1:08:29,  4.79s/it]Getting Predictions: 844it [1:08:34,  4.84s/it]Getting Predictions: 845it [1:08:39,  4.69s/it]Getting Predictions: 846it [1:08:44,  4.73s/it]Getting Predictions: 847it [1:08:48,  4.79s/it]Getting Predictions: 848it [1:08:54,  4.87s/it]Getting Predictions: 849it [1:08:58,  4.80s/it]Getting Predictions: 850it [1:09:03,  4.87s/it]Getting Predictions: 851it [1:09:08,  4.85s/it]Getting Predictions: 852it [1:09:13,  5.02s/it]Getting Predictions: 853it [1:09:18,  4.90s/it]Getting Predictions: 854it [1:09:23,  4.87s/it]Getting Predictions: 855it [1:09:27,  4.77s/it]Getting Predictions: 856it [1:09:32,  4.76s/it]Getting Predictions: 857it [1:09:37,  4.82s/it]Getting Predictions: 858it [1:09:42,  4.75s/it]Getting Predictions: 859it [1:09:47,  4.87s/it]Getting Predictions: 860it [1:09:52,  4.92s/it]Getting Predictions: 861it [1:09:57,  4.89s/it]Getting Predictions: 862it [1:10:02,  4.99s/it]Getting Predictions: 863it [1:10:07,  4.92s/it]Getting Predictions: 864it [1:10:12,  4.99s/it]Getting Predictions: 865it [1:10:17,  4.91s/it]Getting Predictions: 866it [1:10:21,  4.85s/it]Getting Predictions: 867it [1:10:26,  4.76s/it]Getting Predictions: 868it [1:10:31,  4.84s/it]Getting Predictions: 869it [1:10:35,  4.77s/it]Getting Predictions: 870it [1:10:40,  4.70s/it]Getting Predictions: 871it [1:10:45,  4.81s/it]Getting Predictions: 872it [1:10:50,  4.75s/it]Getting Predictions: 873it [1:10:54,  4.64s/it]Getting Predictions: 874it [1:10:58,  4.60s/it]Getting Predictions: 875it [1:11:03,  4.58s/it]Getting Predictions: 876it [1:11:08,  4.72s/it]Getting Predictions: 877it [1:11:12,  4.56s/it]Getting Predictions: 878it [1:11:17,  4.55s/it]Getting Predictions: 879it [1:11:22,  4.78s/it]Getting Predictions: 880it [1:11:27,  4.89s/it]Getting Predictions: 881it [1:11:32,  4.75s/it]Getting Predictions: 882it [1:11:36,  4.68s/it]Getting Predictions: 883it [1:11:41,  4.72s/it]Getting Predictions: 884it [1:11:46,  4.71s/it]Getting Predictions: 885it [1:11:51,  4.74s/it]Getting Predictions: 886it [1:11:55,  4.68s/it]Getting Predictions: 887it [1:12:00,  4.66s/it]Getting Predictions: 888it [1:12:04,  4.69s/it]Getting Predictions: 889it [1:12:10,  4.84s/it]Getting Predictions: 890it [1:12:15,  5.03s/it]Getting Predictions: 891it [1:12:20,  5.10s/it]Getting Predictions: 892it [1:12:25,  5.02s/it]Getting Predictions: 893it [1:12:30,  4.94s/it]Getting Predictions: 894it [1:12:35,  4.92s/it]Getting Predictions: 895it [1:12:40,  4.97s/it]Getting Predictions: 896it [1:12:45,  4.93s/it]Getting Predictions: 897it [1:12:50,  5.06s/it]Getting Predictions: 898it [1:12:55,  5.01s/it]Getting Predictions: 899it [1:13:00,  4.87s/it]Getting Predictions: 900it [1:13:04,  4.84s/it]Getting Predictions: 901it [1:13:09,  4.87s/it]Getting Predictions: 902it [1:13:15,  5.11s/it]Getting Predictions: 903it [1:13:20,  5.10s/it]Getting Predictions: 904it [1:13:25,  5.06s/it]Getting Predictions: 905it [1:13:30,  4.95s/it]Getting Predictions: 906it [1:13:35,  4.95s/it]Getting Predictions: 907it [1:13:40,  4.94s/it]Getting Predictions: 908it [1:13:44,  4.88s/it]Getting Predictions: 909it [1:13:49,  4.94s/it]Getting Predictions: 910it [1:13:54,  4.77s/it]Getting Predictions: 911it [1:13:59,  4.89s/it]Getting Predictions: 912it [1:14:04,  4.92s/it]Getting Predictions: 913it [1:14:09,  4.87s/it]Getting Predictions: 914it [1:14:14,  4.95s/it]Getting Predictions: 915it [1:14:18,  4.86s/it]Getting Predictions: 916it [1:14:24,  4.99s/it]Getting Predictions: 917it [1:14:28,  4.81s/it]Getting Predictions: 918it [1:14:33,  4.76s/it]Getting Predictions: 919it [1:14:37,  4.71s/it]Getting Predictions: 920it [1:14:42,  4.82s/it]Getting Predictions: 921it [1:14:47,  4.85s/it]Getting Predictions: 922it [1:14:52,  4.92s/it]Getting Predictions: 923it [1:14:57,  4.95s/it]Getting Predictions: 924it [1:15:02,  4.87s/it]Getting Predictions: 925it [1:15:07,  4.93s/it]Getting Predictions: 926it [1:15:12,  4.77s/it]Getting Predictions: 927it [1:15:17,  4.93s/it]Getting Predictions: 928it [1:15:22,  5.02s/it]Getting Predictions: 929it [1:15:27,  5.01s/it]Getting Predictions: 930it [1:15:32,  4.93s/it]Getting Predictions: 931it [1:15:37,  4.93s/it]Getting Predictions: 932it [1:15:41,  4.85s/it]Getting Predictions: 933it [1:15:46,  4.87s/it]Getting Predictions: 934it [1:15:52,  4.96s/it]Getting Predictions: 935it [1:15:56,  4.94s/it]Getting Predictions: 936it [1:16:01,  4.85s/it]Getting Predictions: 937it [1:16:06,  4.92s/it]Getting Predictions: 938it [1:16:11,  4.84s/it]Getting Predictions: 939it [1:16:16,  4.85s/it]Getting Predictions: 940it [1:16:21,  4.86s/it]Getting Predictions: 941it [1:16:26,  4.90s/it]Getting Predictions: 942it [1:16:31,  4.99s/it]Getting Predictions: 943it [1:16:35,  4.92s/it]Getting Predictions: 944it [1:16:40,  4.82s/it]Getting Predictions: 945it [1:16:45,  4.93s/it]Getting Predictions: 946it [1:16:50,  4.83s/it]Getting Predictions: 947it [1:16:55,  4.95s/it]Getting Predictions: 948it [1:17:00,  4.93s/it]Getting Predictions: 949it [1:17:05,  4.96s/it]Getting Predictions: 950it [1:17:10,  4.91s/it]Getting Predictions: 951it [1:17:15,  4.90s/it]Getting Predictions: 952it [1:17:20,  4.92s/it]Getting Predictions: 953it [1:17:25,  4.93s/it]Getting Predictions: 954it [1:17:29,  4.82s/it]Getting Predictions: 955it [1:17:34,  4.89s/it]Getting Predictions: 956it [1:17:39,  4.89s/it]Getting Predictions: 957it [1:17:44,  4.88s/it]Getting Predictions: 958it [1:17:49,  4.81s/it]Getting Predictions: 959it [1:17:53,  4.84s/it]Getting Predictions: 960it [1:17:59,  4.90s/it]Getting Predictions: 961it [1:18:04,  4.93s/it]Getting Predictions: 962it [1:18:08,  4.86s/it]Getting Predictions: 963it [1:18:14,  5.00s/it]Getting Predictions: 964it [1:18:19,  5.03s/it]Getting Predictions: 965it [1:18:24,  5.15s/it]Getting Predictions: 966it [1:18:29,  5.06s/it]Getting Predictions: 967it [1:18:33,  4.89s/it]Getting Predictions: 968it [1:18:38,  4.87s/it]Getting Predictions: 969it [1:18:44,  4.99s/it]Getting Predictions: 970it [1:18:49,  4.99s/it]Getting Predictions: 971it [1:18:53,  4.85s/it]Getting Predictions: 972it [1:18:58,  4.85s/it]Getting Predictions: 973it [1:19:03,  4.81s/it]Getting Predictions: 974it [1:19:07,  4.74s/it]Getting Predictions: 975it [1:19:12,  4.79s/it]Getting Predictions: 976it [1:19:17,  4.74s/it]Getting Predictions: 977it [1:19:22,  4.84s/it]Getting Predictions: 978it [1:19:27,  4.94s/it]Getting Predictions: 979it [1:19:32,  4.89s/it]Getting Predictions: 980it [1:19:37,  4.94s/it]Getting Predictions: 981it [1:19:41,  4.85s/it]Getting Predictions: 982it [1:19:47,  5.04s/it]Getting Predictions: 983it [1:19:51,  4.88s/it]Getting Predictions: 984it [1:19:56,  4.92s/it]Getting Predictions: 985it [1:20:01,  4.91s/it]Getting Predictions: 986it [1:20:06,  4.96s/it]Getting Predictions: 987it [1:20:11,  4.96s/it]Getting Predictions: 988it [1:20:16,  4.93s/it]Getting Predictions: 989it [1:20:21,  4.84s/it]Getting Predictions: 990it [1:20:26,  4.85s/it]Getting Predictions: 991it [1:20:31,  4.92s/it]Getting Predictions: 992it [1:20:36,  4.94s/it]Getting Predictions: 993it [1:20:40,  4.82s/it]Getting Predictions: 994it [1:20:45,  4.80s/it]Getting Predictions: 995it [1:20:50,  4.84s/it]Getting Predictions: 996it [1:20:55,  4.76s/it]Getting Predictions: 997it [1:20:59,  4.78s/it]Getting Predictions: 998it [1:21:04,  4.71s/it]Getting Predictions: 999it [1:21:08,  4.66s/it]Getting Predictions: 1000it [1:21:13,  4.72s/it]Getting Predictions: 1001it [1:21:18,  4.81s/it]Getting Predictions: 1002it [1:21:23,  4.90s/it]Getting Predictions: 1003it [1:21:28,  4.85s/it]Getting Predictions: 1004it [1:21:34,  5.11s/it]Getting Predictions: 1005it [1:21:39,  5.11s/it]Getting Predictions: 1006it [1:21:44,  5.04s/it]Getting Predictions: 1007it [1:21:49,  5.13s/it]Getting Predictions: 1008it [1:21:54,  5.10s/it]Getting Predictions: 1009it [1:21:59,  5.08s/it]Getting Predictions: 1010it [1:22:04,  5.08s/it]Getting Predictions: 1011it [1:22:09,  5.09s/it]Getting Predictions: 1012it [1:22:15,  5.06s/it]Getting Predictions: 1013it [1:22:19,  4.99s/it]Getting Predictions: 1014it [1:22:24,  4.91s/it]Getting Predictions: 1015it [1:22:29,  4.93s/it]Getting Predictions: 1016it [1:22:34,  4.89s/it]Getting Predictions: 1017it [1:22:39,  4.90s/it]Getting Predictions: 1018it [1:22:43,  4.83s/it]Getting Predictions: 1019it [1:22:49,  4.91s/it]Getting Predictions: 1020it [1:22:54,  4.96s/it]Getting Predictions: 1021it [1:22:58,  4.88s/it]Getting Predictions: 1022it [1:23:03,  4.82s/it]Getting Predictions: 1023it [1:23:08,  4.84s/it]Getting Predictions: 1024it [1:23:12,  4.78s/it]Getting Predictions: 1025it [1:23:17,  4.77s/it]Getting Predictions: 1026it [1:23:22,  4.82s/it]Getting Predictions: 1027it [1:23:27,  4.82s/it]Getting Predictions: 1028it [1:23:32,  4.91s/it]Getting Predictions: 1029it [1:23:37,  4.91s/it]Getting Predictions: 1030it [1:23:42,  4.80s/it]Getting Predictions: 1031it [1:23:46,  4.81s/it]Getting Predictions: 1032it [1:23:52,  4.96s/it]Getting Predictions: 1033it [1:23:56,  4.88s/it]Getting Predictions: 1034it [1:24:01,  4.91s/it]Getting Predictions: 1035it [1:24:06,  4.92s/it]Getting Predictions: 1036it [1:24:11,  4.89s/it]Getting Predictions: 1037it [1:24:17,  5.09s/it]Getting Predictions: 1038it [1:24:21,  4.97s/it]Getting Predictions: 1039it [1:24:26,  4.96s/it]Getting Predictions: 1040it [1:24:31,  4.96s/it]Getting Predictions: 1041it [1:24:36,  5.01s/it]Getting Predictions: 1042it [1:24:42,  5.08s/it]Getting Predictions: 1043it [1:24:47,  5.17s/it]Getting Predictions: 1044it [1:24:52,  5.12s/it]Getting Predictions: 1045it [1:24:57,  5.13s/it]Getting Predictions: 1046it [1:25:02,  5.01s/it]Getting Predictions: 1047it [1:25:07,  5.00s/it]Getting Predictions: 1048it [1:25:12,  4.99s/it]Getting Predictions: 1049it [1:25:17,  4.94s/it]Getting Predictions: 1050it [1:25:22,  5.13s/it]Getting Predictions: 1051it [1:25:27,  5.11s/it]Getting Predictions: 1052it [1:25:32,  4.94s/it]Getting Predictions: 1053it [1:25:37,  4.89s/it]Getting Predictions: 1054it [1:25:42,  4.93s/it]Getting Predictions: 1055it [1:25:47,  4.96s/it]Getting Predictions: 1056it [1:25:52,  4.93s/it]Getting Predictions: 1057it [1:25:57,  5.10s/it]Getting Predictions: 1058it [1:26:02,  5.02s/it]Getting Predictions: 1059it [1:26:07,  4.94s/it]Getting Predictions: 1060it [1:26:12,  4.97s/it]Getting Predictions: 1061it [1:26:17,  5.03s/it]Getting Predictions: 1062it [1:26:22,  4.99s/it]Getting Predictions: 1063it [1:26:26,  4.84s/it]Getting Predictions: 1064it [1:26:31,  4.82s/it]Getting Predictions: 1065it [1:26:36,  4.78s/it]Getting Predictions: 1066it [1:26:41,  4.82s/it]Getting Predictions: 1067it [1:26:46,  4.99s/it]Getting Predictions: 1068it [1:26:51,  4.95s/it]Getting Predictions: 1069it [1:26:55,  4.76s/it]Getting Predictions: 1070it [1:27:00,  4.83s/it]Getting Predictions: 1071it [1:27:05,  4.83s/it]Getting Predictions: 1072it [1:27:10,  4.76s/it]Getting Predictions: 1073it [1:27:15,  4.89s/it]Getting Predictions: 1074it [1:27:20,  4.92s/it]Getting Predictions: 1075it [1:27:25,  5.01s/it]Getting Predictions: 1076it [1:27:30,  5.05s/it]Getting Predictions: 1077it [1:27:35,  5.00s/it]Getting Predictions: 1078it [1:27:40,  4.95s/it]Getting Predictions: 1079it [1:27:45,  4.98s/it]Getting Predictions: 1080it [1:27:50,  4.97s/it]Getting Predictions: 1081it [1:27:55,  5.06s/it]Getting Predictions: 1082it [1:28:00,  5.09s/it]Getting Predictions: 1083it [1:28:05,  5.09s/it]Getting Predictions: 1084it [1:28:10,  4.97s/it]Getting Predictions: 1085it [1:28:15,  4.94s/it]Getting Predictions: 1086it [1:28:20,  4.94s/it]Getting Predictions: 1087it [1:28:25,  4.92s/it]Getting Predictions: 1088it [1:28:29,  4.85s/it]Getting Predictions: 1089it [1:28:34,  4.80s/it]Getting Predictions: 1090it [1:28:39,  4.87s/it]Getting Predictions: 1091it [1:28:44,  4.85s/it]Getting Predictions: 1092it [1:28:49,  4.86s/it]Getting Predictions: 1093it [1:28:54,  4.88s/it]Getting Predictions: 1094it [1:28:59,  5.03s/it]Getting Predictions: 1095it [1:29:04,  4.99s/it]Getting Predictions: 1096it [1:29:09,  5.12s/it]Getting Predictions: 1097it [1:29:15,  5.13s/it]Getting Predictions: 1098it [1:29:20,  5.10s/it]Getting Predictions: 1099it [1:29:24,  4.99s/it]Getting Predictions: 1100it [1:29:29,  4.95s/it]Getting Predictions: 1101it [1:29:34,  4.93s/it]Getting Predictions: 1102it [1:29:39,  5.01s/it]Getting Predictions: 1103it [1:29:44,  4.94s/it]Getting Predictions: 1104it [1:29:49,  4.92s/it]Getting Predictions: 1105it [1:29:54,  4.97s/it]Getting Predictions: 1106it [1:29:59,  4.92s/it]Getting Predictions: 1107it [1:30:04,  4.85s/it]Getting Predictions: 1108it [1:30:08,  4.87s/it]Getting Predictions: 1109it [1:30:14,  5.15s/it]Getting Predictions: 1110it [1:30:19,  5.05s/it]Getting Predictions: 1111it [1:30:24,  4.94s/it]Getting Predictions: 1112it [1:30:28,  4.73s/it]Getting Predictions: 1113it [1:30:33,  4.79s/it]Getting Predictions: 1114it [1:30:38,  4.86s/it]Getting Predictions: 1115it [1:30:43,  4.83s/it]Getting Predictions: 1116it [1:30:48,  4.88s/it]Getting Predictions: 1117it [1:30:53,  4.89s/it]Getting Predictions: 1118it [1:30:57,  4.85s/it]Getting Predictions: 1119it [1:31:02,  4.86s/it]Getting Predictions: 1120it [1:31:07,  4.91s/it]Getting Predictions: 1121it [1:31:12,  4.84s/it]Getting Predictions: 1122it [1:31:17,  4.84s/it]Getting Predictions: 1123it [1:31:21,  4.79s/it]Getting Predictions: 1124it [1:31:26,  4.75s/it]Getting Predictions: 1125it [1:31:31,  4.87s/it]Getting Predictions: 1126it [1:31:36,  4.96s/it]Getting Predictions: 1127it [1:31:41,  4.79s/it]Getting Predictions: 1128it [1:31:45,  4.67s/it]Getting Predictions: 1129it [1:31:50,  4.66s/it]Getting Predictions: 1130it [1:31:54,  4.65s/it]Getting Predictions: 1131it [1:31:59,  4.72s/it]Getting Predictions: 1132it [1:32:04,  4.69s/it]Getting Predictions: 1133it [1:32:09,  4.93s/it]Getting Predictions: 1134it [1:32:14,  4.96s/it]Getting Predictions: 1135it [1:32:19,  4.90s/it]Getting Predictions: 1136it [1:32:24,  4.81s/it]Getting Predictions: 1137it [1:32:29,  4.77s/it]Getting Predictions: 1138it [1:32:34,  4.83s/it]Getting Predictions: 1139it [1:32:38,  4.75s/it]Getting Predictions: 1140it [1:32:43,  4.70s/it]Getting Predictions: 1141it [1:32:47,  4.66s/it]Getting Predictions: 1142it [1:32:52,  4.73s/it]Getting Predictions: 1143it [1:32:57,  4.70s/it]Getting Predictions: 1144it [1:33:02,  4.80s/it]Getting Predictions: 1145it [1:33:07,  4.82s/it]Getting Predictions: 1146it [1:33:12,  4.84s/it]Getting Predictions: 1147it [1:33:17,  5.08s/it]Getting Predictions: 1148it [1:33:22,  5.08s/it]Getting Predictions: 1149it [1:33:27,  5.04s/it]Getting Predictions: 1150it [1:33:32,  5.11s/it]Getting Predictions: 1151it [1:33:37,  4.95s/it]Getting Predictions: 1152it [1:33:41,  4.77s/it]Getting Predictions: 1153it [1:33:46,  4.74s/it]Getting Predictions: 1154it [1:33:51,  4.73s/it]Getting Predictions: 1155it [1:33:55,  4.70s/it]Getting Predictions: 1156it [1:34:00,  4.66s/it]Getting Predictions: 1157it [1:34:05,  4.70s/it]Getting Predictions: 1158it [1:34:10,  4.75s/it]Getting Predictions: 1159it [1:34:14,  4.76s/it]Getting Predictions: 1160it [1:34:19,  4.70s/it]Getting Predictions: 1161it [1:34:24,  4.81s/it]Getting Predictions: 1162it [1:34:29,  4.80s/it]Getting Predictions: 1163it [1:34:34,  4.80s/it]Getting Predictions: 1164it [1:34:38,  4.78s/it]Getting Predictions: 1165it [1:34:43,  4.75s/it]Getting Predictions: 1166it [1:34:47,  4.64s/it]Getting Predictions: 1167it [1:34:52,  4.64s/it]Getting Predictions: 1168it [1:34:57,  4.71s/it]Getting Predictions: 1169it [1:35:02,  4.67s/it]Getting Predictions: 1170it [1:35:06,  4.67s/it]Getting Predictions: 1171it [1:35:11,  4.75s/it]Getting Predictions: 1172it [1:35:16,  4.86s/it]Getting Predictions: 1173it [1:35:21,  4.85s/it]Getting Predictions: 1174it [1:35:26,  4.87s/it]Getting Predictions: 1175it [1:35:31,  4.83s/it]Getting Predictions: 1176it [1:35:36,  4.84s/it]Getting Predictions: 1177it [1:35:40,  4.77s/it]Getting Predictions: 1178it [1:35:45,  4.85s/it]Getting Predictions: 1179it [1:35:50,  4.81s/it]Getting Predictions: 1180it [1:35:55,  4.79s/it]Getting Predictions: 1181it [1:36:00,  4.83s/it]Getting Predictions: 1182it [1:36:04,  4.73s/it]Getting Predictions: 1183it [1:36:09,  4.74s/it]Getting Predictions: 1184it [1:36:14,  4.81s/it]Getting Predictions: 1185it [1:36:19,  5.00s/it]Getting Predictions: 1186it [1:36:24,  4.86s/it]Getting Predictions: 1187it [1:36:29,  4.86s/it]Getting Predictions: 1188it [1:36:33,  4.79s/it]Getting Predictions: 1189it [1:36:38,  4.82s/it]Getting Predictions: 1190it [1:36:43,  4.74s/it]Getting Predictions: 1191it [1:36:48,  4.76s/it]Getting Predictions: 1192it [1:36:53,  4.94s/it]Getting Predictions: 1193it [1:36:58,  4.90s/it]Getting Predictions: 1194it [1:37:02,  4.80s/it]Getting Predictions: 1195it [1:37:07,  4.73s/it]Getting Predictions: 1196it [1:37:12,  4.78s/it]Getting Predictions: 1197it [1:37:17,  4.83s/it]Getting Predictions: 1198it [1:37:22,  4.91s/it]Getting Predictions: 1199it [1:37:27,  4.91s/it]Getting Predictions: 1200it [1:37:32,  4.95s/it]Getting Predictions: 1201it [1:37:37,  5.02s/it]Getting Predictions: 1202it [1:37:42,  5.00s/it]Getting Predictions: 1203it [1:37:46,  4.80s/it]Getting Predictions: 1204it [1:37:51,  4.80s/it]Getting Predictions: 1205it [1:37:56,  4.76s/it]Getting Predictions: 1206it [1:38:01,  4.85s/it]Getting Predictions: 1207it [1:38:06,  4.90s/it]Getting Predictions: 1208it [1:38:11,  4.88s/it]Getting Predictions: 1209it [1:38:15,  4.86s/it]Getting Predictions: 1210it [1:38:21,  4.96s/it]Getting Predictions: 1211it [1:38:25,  4.92s/it]Getting Predictions: 1212it [1:38:30,  4.97s/it]Getting Predictions: 1213it [1:38:36,  5.12s/it]Getting Predictions: 1214it [1:38:41,  5.07s/it]Getting Predictions: 1215it [1:38:46,  5.22s/it]Getting Predictions: 1216it [1:38:51,  5.08s/it]Getting Predictions: 1217it [1:38:56,  5.05s/it]Getting Predictions: 1218it [1:39:01,  5.06s/it]Getting Predictions: 1219it [1:39:06,  4.95s/it]Getting Predictions: 1220it [1:39:11,  4.92s/it]Getting Predictions: 1221it [1:39:16,  4.88s/it]Getting Predictions: 1222it [1:39:20,  4.86s/it]Getting Predictions: 1223it [1:39:25,  4.90s/it]Getting Predictions: 1224it [1:39:30,  4.90s/it]Getting Predictions: 1225it [1:39:35,  4.85s/it]Getting Predictions: 1226it [1:39:40,  4.81s/it]Getting Predictions: 1227it [1:39:45,  4.85s/it]Getting Predictions: 1228it [1:39:49,  4.82s/it]Getting Predictions: 1229it [1:39:55,  4.89s/it]Getting Predictions: 1230it [1:39:59,  4.85s/it]Getting Predictions: 1231it [1:40:04,  4.82s/it]Getting Predictions: 1232it [1:40:09,  4.76s/it]Getting Predictions: 1233it [1:40:14,  4.85s/it]Getting Predictions: 1234it [1:40:19,  4.95s/it]Getting Predictions: 1235it [1:40:24,  4.99s/it]Getting Predictions: 1236it [1:40:29,  5.00s/it]Getting Predictions: 1237it [1:40:34,  5.00s/it]Getting Predictions: 1238it [1:40:39,  4.98s/it]Getting Predictions: 1239it [1:40:43,  4.82s/it]Getting Predictions: 1240it [1:40:48,  4.70s/it]Getting Predictions: 1241it [1:40:53,  4.72s/it]Getting Predictions: 1242it [1:40:57,  4.75s/it]Getting Predictions: 1243it [1:41:02,  4.81s/it]Getting Predictions: 1244it [1:41:07,  4.79s/it]Getting Predictions: 1245it [1:41:12,  4.83s/it]Getting Predictions: 1246it [1:41:17,  4.87s/it]Getting Predictions: 1247it [1:41:22,  4.84s/it]Getting Predictions: 1248it [1:41:27,  4.89s/it]Getting Predictions: 1249it [1:41:32,  4.85s/it]Getting Predictions: 1250it [1:41:36,  4.84s/it]Getting Predictions: 1251it [1:41:41,  4.81s/it]Getting Predictions: 1252it [1:41:46,  4.87s/it]Getting Predictions: 1253it [1:41:51,  4.84s/it]Getting Predictions: 1254it [1:41:56,  4.87s/it]Getting Predictions: 1255it [1:42:00,  4.75s/it]Getting Predictions: 1256it [1:42:05,  4.72s/it]Getting Predictions: 1257it [1:42:10,  4.73s/it]Getting Predictions: 1258it [1:42:15,  4.82s/it]Getting Predictions: 1259it [1:42:20,  4.99s/it]Getting Predictions: 1260it [1:42:25,  4.92s/it]Getting Predictions: 1261it [1:42:30,  4.95s/it]Getting Predictions: 1262it [1:42:35,  4.94s/it]Getting Predictions: 1263it [1:42:40,  5.16s/it]Getting Predictions: 1264it [1:42:46,  5.16s/it]Getting Predictions: 1265it [1:42:51,  5.10s/it]Getting Predictions: 1266it [1:42:56,  5.07s/it]Getting Predictions: 1267it [1:43:00,  4.99s/it]Getting Predictions: 1268it [1:43:05,  4.96s/it]Getting Predictions: 1269it [1:43:10,  4.96s/it]Getting Predictions: 1270it [1:43:15,  4.84s/it]Getting Predictions: 1271it [1:43:20,  5.00s/it]Getting Predictions: 1272it [1:43:25,  4.90s/it]Getting Predictions: 1273it [1:43:30,  4.90s/it]Getting Predictions: 1274it [1:43:35,  4.89s/it]Getting Predictions: 1275it [1:43:40,  5.04s/it]Getting Predictions: 1276it [1:43:45,  5.06s/it]Getting Predictions: 1277it [1:43:50,  5.02s/it]Getting Predictions: 1278it [1:43:55,  4.95s/it]Getting Predictions: 1279it [1:44:00,  4.93s/it]Getting Predictions: 1280it [1:44:04,  4.80s/it]Getting Predictions: 1281it [1:44:09,  4.93s/it]Getting Predictions: 1282it [1:44:14,  4.94s/it]Getting Predictions: 1283it [1:44:19,  4.91s/it]Getting Predictions: 1284it [1:44:24,  4.78s/it]Getting Predictions: 1285it [1:44:28,  4.78s/it]Getting Predictions: 1286it [1:44:33,  4.85s/it]Getting Predictions: 1287it [1:44:39,  4.92s/it]Getting Predictions: 1288it [1:44:43,  4.81s/it]Getting Predictions: 1289it [1:44:48,  4.79s/it]Getting Predictions: 1290it [1:44:53,  4.86s/it]Getting Predictions: 1291it [1:44:58,  4.86s/it]Getting Predictions: 1292it [1:45:03,  5.04s/it]Getting Predictions: 1293it [1:45:08,  4.84s/it]Getting Predictions: 1294it [1:45:12,  4.77s/it]Getting Predictions: 1295it [1:45:18,  5.05s/it]Getting Predictions: 1296it [1:45:23,  5.04s/it]Getting Predictions: 1297it [1:45:27,  4.90s/it]Getting Predictions: 1298it [1:45:32,  4.91s/it]Getting Predictions: 1299it [1:45:37,  4.97s/it]Getting Predictions: 1300it [1:45:43,  4.99s/it]Getting Predictions: 1301it [1:45:48,  5.13s/it]Getting Predictions: 1302it [1:45:53,  5.05s/it]Getting Predictions: 1303it [1:45:58,  5.02s/it]Getting Predictions: 1304it [1:46:03,  4.96s/it]Getting Predictions: 1305it [1:46:07,  4.88s/it]Getting Predictions: 1306it [1:46:12,  4.81s/it]Getting Predictions: 1307it [1:46:16,  4.71s/it]Getting Predictions: 1308it [1:46:21,  4.76s/it]Getting Predictions: 1309it [1:46:26,  4.83s/it]Getting Predictions: 1310it [1:46:31,  4.88s/it]Getting Predictions: 1311it [1:46:36,  4.89s/it]Getting Predictions: 1312it [1:46:41,  4.87s/it]Getting Predictions: 1313it [1:46:46,  4.76s/it]Getting Predictions: 1314it [1:46:51,  4.89s/it]Getting Predictions: 1315it [1:46:56,  4.91s/it]Getting Predictions: 1316it [1:47:01,  4.98s/it]Getting Predictions: 1317it [1:47:06,  5.02s/it]Getting Predictions: 1318it [1:47:30, 10.62s/it]Getting Predictions: 1319it [1:47:35,  8.90s/it]Getting Predictions: 1320it [1:47:39,  7.57s/it]Getting Predictions: 1321it [1:47:44,  6.77s/it]Getting Predictions: 1322it [1:47:48,  6.10s/it]Getting Predictions: 1323it [1:47:53,  5.64s/it]Getting Predictions: 1324it [1:47:58,  5.45s/it]Getting Predictions: 1325it [1:48:03,  5.32s/it]Getting Predictions: 1326it [1:48:08,  5.21s/it]Getting Predictions: 1327it [1:48:13,  5.11s/it]Getting Predictions: 1328it [1:48:17,  4.94s/it]Getting Predictions: 1329it [1:48:23,  5.06s/it]Getting Predictions: 1330it [1:48:28,  4.98s/it]Getting Predictions: 1331it [1:48:33,  5.06s/it]Getting Predictions: 1332it [1:48:37,  4.89s/it]Getting Predictions: 1333it [1:48:42,  4.88s/it]Getting Predictions: 1334it [1:48:47,  4.81s/it]Getting Predictions: 1335it [1:48:52,  4.93s/it]Getting Predictions: 1336it [1:48:57,  4.83s/it]Getting Predictions: 1337it [1:49:01,  4.76s/it]Getting Predictions: 1338it [1:49:06,  4.86s/it]Getting Predictions: 1339it [1:49:11,  4.91s/it]Getting Predictions: 1340it [1:49:16,  4.95s/it]Getting Predictions: 1341it [1:49:21,  4.93s/it]Getting Predictions: 1342it [1:49:26,  4.89s/it]Getting Predictions: 1343it [1:49:31,  4.84s/it]Getting Predictions: 1344it [1:49:36,  4.87s/it]Getting Predictions: 1345it [1:49:40,  4.72s/it]Getting Predictions: 1346it [1:49:45,  4.64s/it]Getting Predictions: 1347it [1:49:50,  4.77s/it]Getting Predictions: 1348it [1:49:55,  4.87s/it]Getting Predictions: 1349it [1:50:00,  4.87s/it]Getting Predictions: 1350it [1:50:05,  5.00s/it]Getting Predictions: 1351it [1:50:10,  5.07s/it]Getting Predictions: 1352it [1:50:15,  5.00s/it]Getting Predictions: 1353it [1:50:20,  5.01s/it]Getting Predictions: 1354it [1:50:25,  5.10s/it]Getting Predictions: 1355it [1:50:30,  5.01s/it]Getting Predictions: 1356it [1:50:35,  5.03s/it]Getting Predictions: 1357it [1:50:40,  4.99s/it]Getting Predictions: 1358it [1:50:45,  4.90s/it]Getting Predictions: 1359it [1:50:50,  4.98s/it]Getting Predictions: 1360it [1:50:55,  4.91s/it]Getting Predictions: 1361it [1:50:59,  4.81s/it]Getting Predictions: 1362it [1:51:04,  4.76s/it]Getting Predictions: 1363it [1:51:09,  4.83s/it]Getting Predictions: 1364it [1:51:14,  4.78s/it]Getting Predictions: 1365it [1:51:19,  5.07s/it]Getting Predictions: 1366it [1:51:24,  5.02s/it]Getting Predictions: 1367it [1:51:29,  4.94s/it]Getting Predictions: 1368it [1:51:34,  4.95s/it]Getting Predictions: 1369it [1:51:39,  5.03s/it]Getting Predictions: 1370it [1:51:44,  4.88s/it]Getting Predictions: 1371it [1:51:49,  4.95s/it]Getting Predictions: 1372it [1:51:54,  4.90s/it]Getting Predictions: 1373it [1:51:59,  4.93s/it]Getting Predictions: 1374it [1:52:03,  4.81s/it]Getting Predictions: 1375it [1:52:23,  9.45s/it]Getting Predictions: 1376it [1:52:28,  8.09s/it]Getting Predictions: 1377it [1:52:33,  7.23s/it]Getting Predictions: 1378it [1:52:39,  6.59s/it]Getting Predictions: 1379it [1:52:43,  5.95s/it]Getting Predictions: 1380it [1:52:48,  5.68s/it]Getting Predictions: 1381it [1:52:53,  5.51s/it]Getting Predictions: 1382it [1:52:58,  5.24s/it]Getting Predictions: 1383it [1:53:03,  5.18s/it]Getting Predictions: 1384it [1:53:08,  5.10s/it]Getting Predictions: 1385it [1:53:12,  4.98s/it]Getting Predictions: 1386it [1:53:18,  5.09s/it]Getting Predictions: 1387it [1:53:23,  5.04s/it]Getting Predictions: 1388it [1:53:28,  5.02s/it]Getting Predictions: 1389it [1:53:33,  4.96s/it]Getting Predictions: 1390it [1:53:37,  4.86s/it]Getting Predictions: 1391it [1:53:42,  4.84s/it]Getting Predictions: 1392it [1:53:47,  4.85s/it]Getting Predictions: 1393it [1:53:51,  4.74s/it]Getting Predictions: 1394it [1:53:56,  4.70s/it]Getting Predictions: 1395it [1:54:00,  4.66s/it]Getting Predictions: 1396it [1:54:05,  4.73s/it]Getting Predictions: 1397it [1:54:10,  4.77s/it]Getting Predictions: 1398it [1:54:15,  4.77s/it]Getting Predictions: 1399it [1:54:20,  4.98s/it]Getting Predictions: 1400it [1:54:25,  4.91s/it]Getting Predictions: 1401it [1:54:31,  5.13s/it]Getting Predictions: 1402it [1:54:36,  5.05s/it]Getting Predictions: 1403it [1:54:41,  4.97s/it]Getting Predictions: 1404it [1:54:46,  5.04s/it]Getting Predictions: 1405it [1:54:50,  4.95s/it]Getting Predictions: 1406it [1:54:55,  4.90s/it]Getting Predictions: 1407it [1:55:00,  4.86s/it]Getting Predictions: 1408it [1:55:05,  4.80s/it]Getting Predictions: 1409it [1:55:10,  4.82s/it]Getting Predictions: 1410it [1:55:14,  4.82s/it]Getting Predictions: 1411it [1:55:19,  4.80s/it]Getting Predictions: 1412it [1:55:24,  4.88s/it]Getting Predictions: 1413it [1:55:29,  4.90s/it]Getting Predictions: 1414it [1:55:34,  4.88s/it]Getting Predictions: 1415it [1:55:39,  4.89s/it]Getting Predictions: 1416it [1:55:44,  5.08s/it]Getting Predictions: 1417it [1:55:50,  5.10s/it]Getting Predictions: 1418it [1:55:54,  4.96s/it]Getting Predictions: 1419it [1:55:59,  4.85s/it]Getting Predictions: 1420it [1:56:03,  4.81s/it]Getting Predictions: 1421it [1:56:08,  4.71s/it]Getting Predictions: 1422it [1:56:13,  4.71s/it]Getting Predictions: 1423it [1:56:18,  4.80s/it]Getting Predictions: 1424it [1:56:22,  4.72s/it]Getting Predictions: 1425it [1:56:27,  4.75s/it]Getting Predictions: 1426it [1:56:32,  4.86s/it]Getting Predictions: 1427it [1:56:37,  4.79s/it]Getting Predictions: 1428it [1:56:42,  4.83s/it]Getting Predictions: 1429it [1:56:46,  4.81s/it]Getting Predictions: 1430it [1:56:51,  4.84s/it]Getting Predictions: 1431it [1:56:56,  4.90s/it]Getting Predictions: 1432it [1:57:01,  4.94s/it]Getting Predictions: 1433it [1:57:07,  5.11s/it]Getting Predictions: 1434it [1:57:12,  4.97s/it]Getting Predictions: 1435it [1:57:16,  4.95s/it]Getting Predictions: 1436it [1:57:22,  5.00s/it]Getting Predictions: 1437it [1:57:26,  4.90s/it]Getting Predictions: 1438it [1:57:31,  4.87s/it]Getting Predictions: 1439it [1:57:36,  4.90s/it]Getting Predictions: 1440it [1:57:41,  4.93s/it]Getting Predictions: 1441it [1:57:46,  5.02s/it]Getting Predictions: 1442it [1:57:51,  4.88s/it]Getting Predictions: 1443it [1:57:56,  4.86s/it]Getting Predictions: 1444it [1:58:00,  4.85s/it]Getting Predictions: 1445it [1:58:05,  4.89s/it]Getting Predictions: 1446it [1:58:10,  4.89s/it]Getting Predictions: 1447it [1:58:16,  5.06s/it]Getting Predictions: 1448it [1:58:21,  4.99s/it]Getting Predictions: 1449it [1:58:26,  4.98s/it]Getting Predictions: 1450it [1:58:30,  4.88s/it]Getting Predictions: 1451it [1:58:35,  4.84s/it]Getting Predictions: 1452it [1:58:40,  5.00s/it]Getting Predictions: 1453it [1:58:45,  4.98s/it]Getting Predictions: 1454it [1:58:50,  4.93s/it]Getting Predictions: 1455it [1:58:55,  4.98s/it]Getting Predictions: 1456it [1:59:00,  5.00s/it]Getting Predictions: 1457it [1:59:05,  4.92s/it]Getting Predictions: 1458it [1:59:10,  4.97s/it]Getting Predictions: 1459it [1:59:15,  5.01s/it]Getting Predictions: 1460it [1:59:20,  4.99s/it]Getting Predictions: 1461it [1:59:25,  5.08s/it]Getting Predictions: 1462it [1:59:30,  5.06s/it]Getting Predictions: 1463it [1:59:35,  5.02s/it]Getting Predictions: 1464it [1:59:40,  5.01s/it]Getting Predictions: 1465it [1:59:45,  4.98s/it]Getting Predictions: 1466it [1:59:50,  5.04s/it]Getting Predictions: 1467it [1:59:55,  4.91s/it]Getting Predictions: 1468it [2:00:00,  4.91s/it]Getting Predictions: 1469it [2:00:05,  4.93s/it]Getting Predictions: 1470it [2:00:10,  4.93s/it]Getting Predictions: 1471it [2:00:15,  5.06s/it]Getting Predictions: 1471it [2:00:16,  4.91s/it]
--------------------
Saving Results till -- 0
--------------------
--------------------
Saving Results till -- 100
--------------------
--------------------
Saving Results till -- 200
--------------------
--------------------
Saving Results till -- 300
--------------------
--------------------
Saving Results till -- 400
--------------------
--------------------
Saving Results till -- 500
--------------------
--------------------
Saving Results till -- 600
--------------------
--------------------
Saving Results till -- 700
--------------------
--------------------
Saving Results till -- 800
--------------------
--------------------
Saving Results till -- 900
--------------------
--------------------
Saving Results till -- 1000
--------------------
--------------------
Saving Results till -- 1100
--------------------
--------------------
Saving Results till -- 1200
--------------------
--------------------
Saving Results till -- 1300
--------------------
--------------------
Saving Results till -- 1400
--------------------
Traceback (most recent call last):
  File "/home/amey/miniconda3/envs/cs-eval/lib/python3.9/site-packages/urllib3/connectionpool.py", line 712, in urlopen
    self._prepare_proxy(conn)
  File "/home/amey/miniconda3/envs/cs-eval/lib/python3.9/site-packages/urllib3/connectionpool.py", line 1012, in _prepare_proxy
    conn.connect()
  File "/home/amey/miniconda3/envs/cs-eval/lib/python3.9/site-packages/urllib3/connection.py", line 374, in connect
    self._tunnel()
  File "/home/amey/miniconda3/envs/cs-eval/lib/python3.9/http/client.py", line 930, in _tunnel
    raise OSError(f"Tunnel connection failed: {code} {message.strip()}")
OSError: Tunnel connection failed: 302 Moved Temporarily

During handling of the above exception, another exception occurred:

Traceback (most recent call last):
  File "/home/amey/miniconda3/envs/cs-eval/lib/python3.9/site-packages/requests/adapters.py", line 486, in send
    resp = conn.urlopen(
  File "/home/amey/miniconda3/envs/cs-eval/lib/python3.9/site-packages/urllib3/connectionpool.py", line 827, in urlopen
    return self.urlopen(
  File "/home/amey/miniconda3/envs/cs-eval/lib/python3.9/site-packages/urllib3/connectionpool.py", line 827, in urlopen
    return self.urlopen(
  File "/home/amey/miniconda3/envs/cs-eval/lib/python3.9/site-packages/urllib3/connectionpool.py", line 799, in urlopen
    retries = retries.increment(
  File "/home/amey/miniconda3/envs/cs-eval/lib/python3.9/site-packages/urllib3/util/retry.py", line 592, in increment
    raise MaxRetryError(_pool, url, error or ResponseError(cause))
urllib3.exceptions.MaxRetryError: HTTPSConnectionPool(host='api.together.xyz', port=443): Max retries exceeded with url: /v1/chat/completions (Caused by ProxyError('Cannot connect to proxy.', OSError('Tunnel connection failed: 302 Moved Temporarily')))

During handling of the above exception, another exception occurred:

Traceback (most recent call last):
  File "/home/amey/miniconda3/envs/cs-eval/lib/python3.9/site-packages/together/abstract/api_requestor.py", line 489, in request_raw
    result = _thread_context.session.request(
  File "/home/amey/miniconda3/envs/cs-eval/lib/python3.9/site-packages/requests/sessions.py", line 589, in request
    resp = self.send(prep, **send_kwargs)
  File "/home/amey/miniconda3/envs/cs-eval/lib/python3.9/site-packages/requests/sessions.py", line 703, in send
    r = adapter.send(request, **kwargs)
  File "/home/amey/miniconda3/envs/cs-eval/lib/python3.9/site-packages/requests/adapters.py", line 513, in send
    raise ProxyError(e, request=request)
requests.exceptions.ProxyError: HTTPSConnectionPool(host='api.together.xyz', port=443): Max retries exceeded with url: /v1/chat/completions (Caused by ProxyError('Cannot connect to proxy.', OSError('Tunnel connection failed: 302 Moved Temporarily')))

During handling of the above exception, another exception occurred:

Traceback (most recent call last):
  File "/home/amey/depository/cs-eval/togetherai_inference_llama3_zs.py", line 71, in <module>
    content = predict(prompt, system_description)  
  File "/home/amey/depository/cs-eval/togetherai_inference_llama3_zs.py", line 18, in predict
    response = client.chat.completions.create(
  File "/home/amey/miniconda3/envs/cs-eval/lib/python3.9/site-packages/together/resources/chat/completions.py", line 136, in create
    response, _, _ = requestor.request(
  File "/home/amey/miniconda3/envs/cs-eval/lib/python3.9/site-packages/together/abstract/api_requestor.py", line 242, in request
    result = self.request_raw(
  File "/home/amey/miniconda3/envs/cs-eval/lib/python3.9/site-packages/together/abstract/api_requestor.py", line 520, in request_raw
    response_headers=dict(result.headers),
UnboundLocalError: local variable 'result' referenced before assignment
