(7926, 4)
hatespeech                    0
counterspeech                 0
predicted_counterspeech    1400
uuid                          0
dtype: int64
Starting Run
Getting Predictions: 0it [00:00, ?it/s]Getting Predictions: 1it [00:04,  4.13s/it]Getting Predictions: 2it [00:09,  4.60s/it]Getting Predictions: 3it [00:13,  4.73s/it]Getting Predictions: 4it [00:18,  4.77s/it]Getting Predictions: 5it [00:23,  4.89s/it]Getting Predictions: 6it [00:28,  4.94s/it]Getting Predictions: 7it [00:34,  5.06s/it]Getting Predictions: 8it [00:39,  5.11s/it]Getting Predictions: 9it [00:43,  4.92s/it]Getting Predictions: 10it [00:49,  4.97s/it]Getting Predictions: 11it [00:53,  4.84s/it]Getting Predictions: 12it [00:58,  4.92s/it]Getting Predictions: 13it [01:03,  4.94s/it]Getting Predictions: 14it [01:08,  4.97s/it]Getting Predictions: 15it [01:13,  4.84s/it]Getting Predictions: 16it [01:18,  4.90s/it]Getting Predictions: 17it [01:23,  4.93s/it]Getting Predictions: 18it [01:27,  4.81s/it]Getting Predictions: 19it [01:33,  5.01s/it]Getting Predictions: 20it [01:38,  5.00s/it]Getting Predictions: 21it [01:43,  4.99s/it]Getting Predictions: 22it [01:48,  4.98s/it]Getting Predictions: 23it [01:53,  5.06s/it]Getting Predictions: 24it [01:58,  4.95s/it]Getting Predictions: 25it [02:03,  5.08s/it]Getting Predictions: 26it [02:08,  5.13s/it]Getting Predictions: 27it [02:13,  5.12s/it]Getting Predictions: 28it [02:18,  4.95s/it]Getting Predictions: 29it [02:22,  4.83s/it]Getting Predictions: 30it [02:27,  4.87s/it]Getting Predictions: 31it [02:32,  4.83s/it]Getting Predictions: 32it [02:37,  4.81s/it]Getting Predictions: 33it [02:42,  4.90s/it]Getting Predictions: 34it [02:47,  4.91s/it]Getting Predictions: 35it [02:52,  4.83s/it]Getting Predictions: 36it [02:57,  4.87s/it]Getting Predictions: 37it [03:02,  5.11s/it]Getting Predictions: 38it [03:07,  4.93s/it]Getting Predictions: 39it [03:12,  4.93s/it]Getting Predictions: 40it [03:16,  4.79s/it]Getting Predictions: 41it [03:21,  4.87s/it]Getting Predictions: 42it [03:26,  4.83s/it]Getting Predictions: 43it [03:31,  4.80s/it]Getting Predictions: 44it [03:36,  4.93s/it]Getting Predictions: 45it [03:40,  4.83s/it]Getting Predictions: 46it [03:45,  4.88s/it]Getting Predictions: 47it [03:50,  4.87s/it]Getting Predictions: 48it [03:55,  4.89s/it]Getting Predictions: 49it [04:00,  4.87s/it]Getting Predictions: 50it [04:05,  4.90s/it]Getting Predictions: 51it [04:10,  4.89s/it]Getting Predictions: 52it [04:15,  4.82s/it]Getting Predictions: 53it [04:19,  4.74s/it]Getting Predictions: 54it [04:24,  4.70s/it]Getting Predictions: 55it [04:28,  4.64s/it]Getting Predictions: 56it [04:33,  4.65s/it]Getting Predictions: 57it [04:37,  4.61s/it]Getting Predictions: 58it [04:42,  4.65s/it]Getting Predictions: 59it [04:48,  4.88s/it]Getting Predictions: 60it [04:52,  4.82s/it]Getting Predictions: 61it [04:57,  4.79s/it]Getting Predictions: 62it [05:02,  4.77s/it]Getting Predictions: 63it [05:06,  4.75s/it]Getting Predictions: 64it [05:11,  4.84s/it]Getting Predictions: 65it [05:16,  4.78s/it]Getting Predictions: 66it [05:21,  4.79s/it]Getting Predictions: 67it [05:26,  4.75s/it]Getting Predictions: 68it [05:30,  4.74s/it]Getting Predictions: 69it [05:35,  4.76s/it]Getting Predictions: 70it [05:40,  4.82s/it]Getting Predictions: 71it [05:45,  4.82s/it]Getting Predictions: 72it [05:50,  4.89s/it]Getting Predictions: 73it [05:55,  4.81s/it]Getting Predictions: 74it [05:59,  4.81s/it]Getting Predictions: 75it [06:05,  5.02s/it]Getting Predictions: 76it [06:10,  4.95s/it]Getting Predictions: 77it [06:15,  4.98s/it]Getting Predictions: 78it [06:19,  4.86s/it]Getting Predictions: 79it [06:24,  4.80s/it]Getting Predictions: 80it [06:29,  4.84s/it]Getting Predictions: 81it [06:34,  4.81s/it]Getting Predictions: 82it [06:39,  4.87s/it]Getting Predictions: 83it [06:44,  5.06s/it]Getting Predictions: 84it [06:49,  5.01s/it]Getting Predictions: 85it [06:54,  5.02s/it]Getting Predictions: 86it [06:59,  5.03s/it]Getting Predictions: 87it [07:04,  5.00s/it]Getting Predictions: 88it [07:09,  5.02s/it]Getting Predictions: 89it [07:14,  4.90s/it]Getting Predictions: 90it [07:19,  4.89s/it]Getting Predictions: 91it [07:23,  4.74s/it]Getting Predictions: 92it [07:28,  4.68s/it]Getting Predictions: 93it [07:32,  4.70s/it]Getting Predictions: 94it [07:37,  4.71s/it]Getting Predictions: 95it [07:41,  4.63s/it]Getting Predictions: 96it [07:46,  4.65s/it]Getting Predictions: 97it [07:51,  4.62s/it]Getting Predictions: 98it [07:56,  4.81s/it]Getting Predictions: 99it [08:01,  4.88s/it]Getting Predictions: 100it [08:06,  4.94s/it]Getting Predictions: 101it [08:11,  4.94s/it]Getting Predictions: 102it [08:16,  4.89s/it]Getting Predictions: 103it [08:20,  4.78s/it]Getting Predictions: 104it [08:26,  4.96s/it]Getting Predictions: 105it [08:30,  4.87s/it]Getting Predictions: 106it [08:35,  4.87s/it]Getting Predictions: 107it [08:40,  4.90s/it]Getting Predictions: 108it [08:45,  4.74s/it]Getting Predictions: 109it [08:50,  4.80s/it]Getting Predictions: 110it [08:55,  4.86s/it]Getting Predictions: 111it [08:59,  4.86s/it]Getting Predictions: 112it [09:04,  4.90s/it]Getting Predictions: 113it [09:09,  4.81s/it]Getting Predictions: 114it [09:14,  4.76s/it]Getting Predictions: 115it [09:18,  4.74s/it]Getting Predictions: 116it [09:23,  4.74s/it]Getting Predictions: 117it [09:28,  4.77s/it]Getting Predictions: 118it [09:33,  4.73s/it]Getting Predictions: 119it [09:38,  4.82s/it]Getting Predictions: 120it [09:42,  4.76s/it]Getting Predictions: 121it [09:47,  4.76s/it]Getting Predictions: 122it [09:52,  4.73s/it]Getting Predictions: 123it [09:56,  4.60s/it]Getting Predictions: 124it [10:01,  4.70s/it]Getting Predictions: 125it [10:05,  4.62s/it]Getting Predictions: 126it [10:10,  4.76s/it]Getting Predictions: 127it [10:15,  4.76s/it]Getting Predictions: 128it [10:20,  4.75s/it]Getting Predictions: 129it [10:25,  4.72s/it]Getting Predictions: 130it [10:29,  4.75s/it]Getting Predictions: 131it [10:34,  4.83s/it]Getting Predictions: 132it [10:39,  4.77s/it]Getting Predictions: 133it [10:44,  4.77s/it]Getting Predictions: 134it [10:49,  5.02s/it]Getting Predictions: 135it [10:54,  5.00s/it]Getting Predictions: 136it [10:59,  4.97s/it]Getting Predictions: 137it [11:04,  4.87s/it]Getting Predictions: 138it [11:08,  4.70s/it]Getting Predictions: 139it [11:13,  4.74s/it]Getting Predictions: 140it [11:18,  4.74s/it]Getting Predictions: 141it [11:22,  4.65s/it]Getting Predictions: 142it [11:27,  4.69s/it]Getting Predictions: 143it [11:31,  4.61s/it]Getting Predictions: 144it [11:38,  5.22s/it]Getting Predictions: 145it [11:43,  5.08s/it]Getting Predictions: 146it [11:48,  5.06s/it]Getting Predictions: 147it [11:52,  4.94s/it]Getting Predictions: 148it [11:57,  4.86s/it]Getting Predictions: 149it [12:02,  5.02s/it]Getting Predictions: 150it [12:07,  4.93s/it]Getting Predictions: 151it [12:12,  4.96s/it]Getting Predictions: 152it [12:18,  5.05s/it]Getting Predictions: 153it [12:22,  4.92s/it]Getting Predictions: 154it [12:27,  4.91s/it]Getting Predictions: 155it [12:31,  4.75s/it]Getting Predictions: 156it [12:37,  4.94s/it]Getting Predictions: 157it [12:41,  4.87s/it]Getting Predictions: 158it [12:46,  4.75s/it]Getting Predictions: 159it [12:51,  4.82s/it]Getting Predictions: 160it [12:56,  4.78s/it]Getting Predictions: 161it [13:00,  4.76s/it]Getting Predictions: 162it [13:05,  4.84s/it]Getting Predictions: 163it [13:11,  4.97s/it]Getting Predictions: 164it [13:15,  4.88s/it]Getting Predictions: 165it [13:20,  4.87s/it]Getting Predictions: 166it [13:25,  4.89s/it]Getting Predictions: 167it [13:30,  4.79s/it]Getting Predictions: 168it [13:35,  4.90s/it]Getting Predictions: 169it [13:39,  4.77s/it]Getting Predictions: 170it [13:44,  4.89s/it]Getting Predictions: 171it [13:49,  4.91s/it]Getting Predictions: 172it [13:54,  4.96s/it]Getting Predictions: 173it [13:59,  4.93s/it]Getting Predictions: 174it [14:04,  4.88s/it]Getting Predictions: 175it [14:09,  4.80s/it]Getting Predictions: 176it [14:13,  4.77s/it]Getting Predictions: 177it [14:18,  4.82s/it]Getting Predictions: 178it [14:23,  4.79s/it]Getting Predictions: 179it [14:28,  4.72s/it]Getting Predictions: 180it [14:32,  4.72s/it]Getting Predictions: 181it [14:37,  4.72s/it]Getting Predictions: 182it [14:42,  4.80s/it]Getting Predictions: 183it [14:48,  5.01s/it]Getting Predictions: 184it [14:52,  4.96s/it]Getting Predictions: 185it [14:57,  4.93s/it]Getting Predictions: 186it [15:03,  5.09s/it]Getting Predictions: 187it [15:08,  5.12s/it]Getting Predictions: 188it [15:13,  4.96s/it]Getting Predictions: 189it [15:17,  4.97s/it]Getting Predictions: 190it [15:23,  5.03s/it]Getting Predictions: 191it [15:28,  5.01s/it]Getting Predictions: 192it [15:33,  4.99s/it]Getting Predictions: 193it [15:37,  4.95s/it]Getting Predictions: 194it [15:42,  4.91s/it]Getting Predictions: 195it [15:47,  4.92s/it]Getting Predictions: 196it [15:52,  4.78s/it]Getting Predictions: 197it [15:57,  4.86s/it]Getting Predictions: 198it [16:01,  4.77s/it]Getting Predictions: 199it [16:06,  4.74s/it]Getting Predictions: 200it [16:11,  4.83s/it]Getting Predictions: 201it [16:16,  4.89s/it]Getting Predictions: 202it [16:21,  4.83s/it]Getting Predictions: 203it [16:25,  4.81s/it]Getting Predictions: 204it [16:30,  4.77s/it]Getting Predictions: 205it [16:35,  4.81s/it]Getting Predictions: 206it [16:40,  4.78s/it]Getting Predictions: 207it [16:44,  4.76s/it]Getting Predictions: 208it [16:49,  4.81s/it]Getting Predictions: 209it [16:54,  4.78s/it]Getting Predictions: 210it [16:59,  4.74s/it]Getting Predictions: 211it [17:04,  4.90s/it]Getting Predictions: 212it [17:09,  4.94s/it]Getting Predictions: 213it [17:14,  4.84s/it]Getting Predictions: 214it [17:19,  4.97s/it]Getting Predictions: 215it [17:23,  4.82s/it]Getting Predictions: 216it [17:28,  4.82s/it]Getting Predictions: 217it [17:33,  4.79s/it]Getting Predictions: 218it [17:38,  4.77s/it]Getting Predictions: 219it [17:43,  4.82s/it]Getting Predictions: 220it [17:48,  5.00s/it]Getting Predictions: 221it [17:53,  5.01s/it]Getting Predictions: 222it [17:58,  4.99s/it]Getting Predictions: 223it [18:04,  5.24s/it]Getting Predictions: 224it [18:09,  5.09s/it]Getting Predictions: 225it [18:13,  4.97s/it]Getting Predictions: 226it [18:18,  4.89s/it]Getting Predictions: 227it [18:23,  4.90s/it]Getting Predictions: 228it [18:28,  4.89s/it]Getting Predictions: 229it [18:33,  4.86s/it]Getting Predictions: 230it [18:37,  4.89s/it]Getting Predictions: 231it [18:42,  4.81s/it]Getting Predictions: 232it [18:47,  4.87s/it]Getting Predictions: 233it [18:52,  4.80s/it]Getting Predictions: 234it [18:56,  4.78s/it]Getting Predictions: 235it [19:01,  4.72s/it]Getting Predictions: 236it [19:06,  4.73s/it]Getting Predictions: 237it [19:11,  4.73s/it]Getting Predictions: 238it [19:16,  4.82s/it]Getting Predictions: 239it [19:21,  4.87s/it]Getting Predictions: 240it [19:25,  4.81s/it]Getting Predictions: 241it [19:30,  4.68s/it]Getting Predictions: 242it [19:34,  4.69s/it]Getting Predictions: 243it [19:39,  4.66s/it]Getting Predictions: 244it [19:43,  4.62s/it]Getting Predictions: 245it [19:48,  4.67s/it]Getting Predictions: 246it [19:53,  4.70s/it]Getting Predictions: 247it [19:58,  4.72s/it]Getting Predictions: 248it [20:03,  4.81s/it]Getting Predictions: 249it [20:08,  4.82s/it]Getting Predictions: 250it [20:13,  4.85s/it]Getting Predictions: 251it [20:17,  4.78s/it]Getting Predictions: 252it [20:22,  4.92s/it]Getting Predictions: 253it [20:27,  4.96s/it]Getting Predictions: 254it [20:32,  4.86s/it]Getting Predictions: 255it [20:37,  4.82s/it]Getting Predictions: 256it [20:42,  4.83s/it]Getting Predictions: 257it [20:47,  4.87s/it]Getting Predictions: 258it [20:52,  4.91s/it]Getting Predictions: 259it [20:57,  4.93s/it]Getting Predictions: 260it [21:01,  4.87s/it]Getting Predictions: 261it [21:07,  5.02s/it]Getting Predictions: 262it [21:11,  4.93s/it]Getting Predictions: 263it [21:17,  4.97s/it]Getting Predictions: 264it [21:22,  5.11s/it]Getting Predictions: 265it [21:27,  5.04s/it]Getting Predictions: 266it [21:31,  4.89s/it]Getting Predictions: 267it [21:36,  4.79s/it]Getting Predictions: 268it [21:41,  4.84s/it]Getting Predictions: 269it [21:46,  4.89s/it]Getting Predictions: 270it [21:51,  4.93s/it]Getting Predictions: 271it [21:55,  4.82s/it]Getting Predictions: 272it [22:00,  4.83s/it]Getting Predictions: 273it [22:05,  4.80s/it]Getting Predictions: 274it [22:10,  4.87s/it]Getting Predictions: 275it [22:15,  4.82s/it]Getting Predictions: 276it [22:19,  4.75s/it]Getting Predictions: 277it [22:24,  4.77s/it]Getting Predictions: 278it [22:29,  4.73s/it]Getting Predictions: 279it [22:34,  4.83s/it]Getting Predictions: 280it [22:39,  4.78s/it]Getting Predictions: 281it [22:44,  4.85s/it]Getting Predictions: 282it [22:48,  4.82s/it]Getting Predictions: 283it [22:53,  4.85s/it]Getting Predictions: 284it [22:58,  4.89s/it]Getting Predictions: 285it [23:03,  4.79s/it]Getting Predictions: 286it [23:07,  4.71s/it]Getting Predictions: 287it [23:12,  4.80s/it]Getting Predictions: 288it [23:17,  4.87s/it]Getting Predictions: 289it [23:22,  4.87s/it]Getting Predictions: 290it [23:27,  4.98s/it]Getting Predictions: 291it [23:32,  4.90s/it]Getting Predictions: 292it [23:37,  4.95s/it]Getting Predictions: 293it [23:42,  4.97s/it]Getting Predictions: 294it [23:47,  4.87s/it]Getting Predictions: 295it [23:52,  4.93s/it]Getting Predictions: 296it [23:58,  5.12s/it]Getting Predictions: 297it [24:02,  5.07s/it]Getting Predictions: 298it [24:07,  4.93s/it]Getting Predictions: 299it [24:12,  5.01s/it]Getting Predictions: 300it [24:17,  4.93s/it]Getting Predictions: 301it [24:22,  5.03s/it]Getting Predictions: 302it [24:27,  5.03s/it]Getting Predictions: 303it [24:32,  4.96s/it]Getting Predictions: 304it [24:37,  4.84s/it]Getting Predictions: 305it [24:42,  5.00s/it]Getting Predictions: 306it [24:47,  5.04s/it]Getting Predictions: 307it [24:52,  4.92s/it]Getting Predictions: 308it [24:56,  4.77s/it]Getting Predictions: 309it [25:01,  4.78s/it]Getting Predictions: 310it [25:06,  4.75s/it]Getting Predictions: 311it [25:11,  4.85s/it]Getting Predictions: 312it [25:15,  4.72s/it]Getting Predictions: 313it [25:20,  4.65s/it]Getting Predictions: 314it [25:24,  4.68s/it]Getting Predictions: 315it [25:29,  4.78s/it]Getting Predictions: 316it [25:34,  4.76s/it]Getting Predictions: 317it [25:39,  4.70s/it]Getting Predictions: 318it [25:43,  4.72s/it]Getting Predictions: 319it [25:49,  4.88s/it]Getting Predictions: 320it [25:54,  4.94s/it]Getting Predictions: 321it [25:59,  5.09s/it]Getting Predictions: 322it [26:04,  5.08s/it]Getting Predictions: 323it [26:09,  4.99s/it]Getting Predictions: 324it [26:14,  5.03s/it]Getting Predictions: 325it [26:19,  4.98s/it]Getting Predictions: 326it [26:24,  4.98s/it]Getting Predictions: 327it [26:29,  4.95s/it]Getting Predictions: 328it [26:34,  4.95s/it]Getting Predictions: 329it [26:38,  4.74s/it]Getting Predictions: 330it [26:43,  4.71s/it]Getting Predictions: 331it [26:48,  4.83s/it]Getting Predictions: 332it [26:53,  4.91s/it]Getting Predictions: 333it [26:58,  4.96s/it]Getting Predictions: 334it [27:03,  5.04s/it]Getting Predictions: 335it [27:09,  5.16s/it]Getting Predictions: 336it [27:14,  5.11s/it]Getting Predictions: 337it [27:18,  4.89s/it]Getting Predictions: 338it [27:23,  4.82s/it]Getting Predictions: 339it [27:28,  4.85s/it]Getting Predictions: 340it [27:32,  4.77s/it]Getting Predictions: 341it [27:37,  4.78s/it]Getting Predictions: 342it [27:42,  4.81s/it]Getting Predictions: 343it [27:47,  4.79s/it]Getting Predictions: 344it [27:52,  4.84s/it]Getting Predictions: 345it [27:56,  4.83s/it]Getting Predictions: 346it [28:01,  4.87s/it]Getting Predictions: 347it [28:07,  5.09s/it]Getting Predictions: 348it [28:12,  5.10s/it]Getting Predictions: 349it [28:17,  5.01s/it]Getting Predictions: 350it [28:21,  4.81s/it]Getting Predictions: 351it [28:26,  4.87s/it]Getting Predictions: 352it [28:31,  4.76s/it]Getting Predictions: 353it [28:35,  4.73s/it]Getting Predictions: 354it [28:40,  4.65s/it]Getting Predictions: 355it [28:45,  4.74s/it]Getting Predictions: 356it [28:50,  4.77s/it]Getting Predictions: 357it [28:54,  4.70s/it]Getting Predictions: 358it [28:59,  4.73s/it]Getting Predictions: 359it [29:04,  4.66s/it]Getting Predictions: 360it [29:09,  4.75s/it]Getting Predictions: 361it [29:13,  4.72s/it]Getting Predictions: 362it [29:18,  4.70s/it]Getting Predictions: 363it [29:23,  4.80s/it]Getting Predictions: 364it [29:27,  4.72s/it]Getting Predictions: 365it [29:32,  4.78s/it]Getting Predictions: 366it [29:37,  4.81s/it]Getting Predictions: 367it [29:42,  4.78s/it]Getting Predictions: 368it [29:47,  4.72s/it]Getting Predictions: 369it [29:51,  4.75s/it]Getting Predictions: 370it [29:56,  4.66s/it]Getting Predictions: 371it [30:00,  4.58s/it]Getting Predictions: 372it [30:05,  4.71s/it]Getting Predictions: 373it [30:09,  4.56s/it]Getting Predictions: 374it [30:14,  4.62s/it]Getting Predictions: 375it [30:19,  4.64s/it]Getting Predictions: 376it [30:24,  4.78s/it]Getting Predictions: 377it [30:29,  4.74s/it]Getting Predictions: 378it [30:33,  4.65s/it]Getting Predictions: 379it [30:38,  4.65s/it]Getting Predictions: 380it [30:43,  4.72s/it]Getting Predictions: 381it [30:47,  4.74s/it]Getting Predictions: 382it [30:52,  4.72s/it]Getting Predictions: 383it [30:57,  4.66s/it]Getting Predictions: 384it [31:01,  4.68s/it]Getting Predictions: 385it [31:06,  4.69s/it]Getting Predictions: 386it [31:11,  4.77s/it]Getting Predictions: 387it [31:16,  4.80s/it]Getting Predictions: 388it [31:21,  4.87s/it]Getting Predictions: 389it [31:26,  4.83s/it]Getting Predictions: 390it [31:30,  4.72s/it]Getting Predictions: 391it [31:35,  4.84s/it]Getting Predictions: 392it [31:40,  4.89s/it]Getting Predictions: 393it [31:45,  4.81s/it]Getting Predictions: 394it [31:50,  4.81s/it]Getting Predictions: 395it [31:55,  4.89s/it]Getting Predictions: 396it [31:59,  4.84s/it]Getting Predictions: 397it [32:04,  4.80s/it]Getting Predictions: 398it [32:09,  4.75s/it]Getting Predictions: 399it [32:14,  4.77s/it]Getting Predictions: 400it [32:18,  4.63s/it]Getting Predictions: 401it [32:23,  4.76s/it]Getting Predictions: 402it [32:28,  5.00s/it]Getting Predictions: 403it [32:33,  4.83s/it]Getting Predictions: 404it [32:38,  4.92s/it]Getting Predictions: 405it [32:43,  4.84s/it]Getting Predictions: 406it [32:47,  4.70s/it]Getting Predictions: 407it [32:52,  4.67s/it]Getting Predictions: 408it [32:57,  4.78s/it]Getting Predictions: 409it [33:01,  4.75s/it]Getting Predictions: 410it [33:07,  4.89s/it]Getting Predictions: 411it [33:11,  4.77s/it]Getting Predictions: 412it [33:16,  4.81s/it]Getting Predictions: 413it [33:21,  5.00s/it]Getting Predictions: 414it [33:26,  4.88s/it]Getting Predictions: 415it [33:31,  4.79s/it]Getting Predictions: 416it [33:36,  5.06s/it]Getting Predictions: 417it [33:41,  5.05s/it]Getting Predictions: 418it [33:46,  4.94s/it]Getting Predictions: 419it [33:51,  5.03s/it]Getting Predictions: 420it [33:56,  4.88s/it]Getting Predictions: 421it [34:01,  4.91s/it]Getting Predictions: 422it [34:05,  4.80s/it]Getting Predictions: 423it [34:10,  4.80s/it]Getting Predictions: 424it [34:15,  4.88s/it]Getting Predictions: 425it [34:20,  4.82s/it]Getting Predictions: 426it [34:25,  4.86s/it]Getting Predictions: 427it [34:29,  4.79s/it]Getting Predictions: 428it [34:35,  4.89s/it]Getting Predictions: 429it [34:39,  4.89s/it]Getting Predictions: 430it [34:44,  4.81s/it]Getting Predictions: 431it [34:49,  4.80s/it]Getting Predictions: 432it [34:54,  4.89s/it]Getting Predictions: 433it [34:59,  4.89s/it]Getting Predictions: 434it [35:04,  4.88s/it]Getting Predictions: 435it [35:08,  4.84s/it]Getting Predictions: 436it [35:13,  4.77s/it]Getting Predictions: 437it [35:18,  4.74s/it]Getting Predictions: 438it [35:23,  4.86s/it]Getting Predictions: 439it [35:28,  4.84s/it]Getting Predictions: 440it [35:33,  4.89s/it]Getting Predictions: 441it [35:38,  5.00s/it]Getting Predictions: 442it [35:43,  4.95s/it]Getting Predictions: 443it [35:47,  4.81s/it]Getting Predictions: 444it [35:52,  4.89s/it]Getting Predictions: 445it [35:58,  5.02s/it]Getting Predictions: 446it [36:03,  5.04s/it]Getting Predictions: 447it [36:08,  5.26s/it]Getting Predictions: 448it [36:13,  5.14s/it]Getting Predictions: 449it [36:18,  5.01s/it]Getting Predictions: 450it [36:23,  4.95s/it]Getting Predictions: 451it [36:27,  4.84s/it]Getting Predictions: 452it [36:32,  4.86s/it]Getting Predictions: 453it [36:37,  4.81s/it]Getting Predictions: 454it [36:42,  4.78s/it]Getting Predictions: 455it [36:47,  4.86s/it]Getting Predictions: 456it [36:52,  4.85s/it]Getting Predictions: 457it [36:57,  4.94s/it]Getting Predictions: 458it [37:02,  5.01s/it]Getting Predictions: 459it [37:07,  4.88s/it]Getting Predictions: 460it [37:12,  4.90s/it]Getting Predictions: 461it [37:16,  4.82s/it]Getting Predictions: 462it [37:21,  4.71s/it]Getting Predictions: 463it [37:25,  4.70s/it]Getting Predictions: 464it [37:30,  4.83s/it]Getting Predictions: 465it [37:35,  4.73s/it]Getting Predictions: 466it [37:40,  4.70s/it]Getting Predictions: 467it [37:44,  4.70s/it]Getting Predictions: 468it [37:49,  4.68s/it]Getting Predictions: 469it [37:54,  4.72s/it]Getting Predictions: 470it [37:58,  4.71s/it]Getting Predictions: 471it [38:03,  4.64s/it]Getting Predictions: 472it [38:08,  4.66s/it]Getting Predictions: 473it [38:12,  4.58s/it]Getting Predictions: 474it [38:17,  4.65s/it]Getting Predictions: 475it [38:21,  4.63s/it]Getting Predictions: 476it [38:26,  4.66s/it]Getting Predictions: 477it [38:31,  4.77s/it]Getting Predictions: 478it [38:36,  4.80s/it]Getting Predictions: 479it [38:41,  4.84s/it]Getting Predictions: 480it [38:46,  4.78s/it]Getting Predictions: 481it [38:50,  4.72s/it]Getting Predictions: 482it [38:55,  4.86s/it]Getting Predictions: 483it [39:00,  4.78s/it]Getting Predictions: 484it [39:05,  4.77s/it]Getting Predictions: 485it [39:10,  4.84s/it]Getting Predictions: 486it [39:15,  4.85s/it]Getting Predictions: 487it [39:19,  4.83s/it]Getting Predictions: 488it [39:24,  4.76s/it]Getting Predictions: 489it [39:29,  4.79s/it]Getting Predictions: 490it [39:33,  4.70s/it]Getting Predictions: 491it [39:38,  4.74s/it]Getting Predictions: 492it [39:43,  4.89s/it]Getting Predictions: 493it [39:48,  4.85s/it]Getting Predictions: 494it [39:53,  4.88s/it]Getting Predictions: 495it [39:59,  5.31s/it]Getting Predictions: 496it [40:04,  5.19s/it]Getting Predictions: 497it [40:09,  5.10s/it]Getting Predictions: 498it [40:14,  4.92s/it]Getting Predictions: 499it [40:19,  4.90s/it]Getting Predictions: 500it [40:24,  4.93s/it]Getting Predictions: 501it [40:29,  5.03s/it]Getting Predictions: 502it [40:34,  4.96s/it]Getting Predictions: 503it [40:39,  5.01s/it]Getting Predictions: 504it [40:43,  4.92s/it]Getting Predictions: 505it [40:48,  4.89s/it]Getting Predictions: 506it [40:53,  4.76s/it]Getting Predictions: 507it [40:58,  4.79s/it]Getting Predictions: 508it [41:02,  4.80s/it]Getting Predictions: 509it [41:07,  4.83s/it]Getting Predictions: 510it [41:12,  4.75s/it]Getting Predictions: 511it [41:17,  4.82s/it]Getting Predictions: 512it [41:22,  4.82s/it]Getting Predictions: 513it [41:26,  4.75s/it]Getting Predictions: 514it [41:31,  4.66s/it]Getting Predictions: 515it [41:35,  4.61s/it]Getting Predictions: 516it [41:40,  4.68s/it]Getting Predictions: 517it [41:45,  4.64s/it]Getting Predictions: 518it [41:49,  4.59s/it]Getting Predictions: 519it [41:54,  4.57s/it]Getting Predictions: 520it [41:58,  4.60s/it]Getting Predictions: 521it [42:03,  4.75s/it]Getting Predictions: 522it [42:08,  4.85s/it]Getting Predictions: 523it [42:13,  4.84s/it]Getting Predictions: 524it [42:18,  4.73s/it]Getting Predictions: 525it [42:23,  4.77s/it]Getting Predictions: 526it [42:27,  4.68s/it]Getting Predictions: 527it [42:31,  4.61s/it]Getting Predictions: 528it [42:36,  4.68s/it]Getting Predictions: 529it [42:41,  4.69s/it]Getting Predictions: 530it [42:46,  4.85s/it]Getting Predictions: 531it [42:51,  4.95s/it]Getting Predictions: 532it [42:56,  4.88s/it]Getting Predictions: 533it [43:01,  4.86s/it]Getting Predictions: 534it [43:06,  4.85s/it]Getting Predictions: 535it [43:11,  4.84s/it]Getting Predictions: 536it [43:15,  4.81s/it]Getting Predictions: 537it [43:20,  4.86s/it]Getting Predictions: 538it [43:25,  4.77s/it]Getting Predictions: 539it [43:30,  4.74s/it]Getting Predictions: 540it [43:34,  4.72s/it]Getting Predictions: 541it [43:39,  4.70s/it]Getting Predictions: 542it [43:44,  4.72s/it]Getting Predictions: 543it [43:49,  4.81s/it]Getting Predictions: 544it [43:53,  4.77s/it]Getting Predictions: 545it [43:58,  4.79s/it]Getting Predictions: 546it [44:03,  4.90s/it]Getting Predictions: 547it [44:08,  4.89s/it]Getting Predictions: 548it [44:13,  4.86s/it]Getting Predictions: 549it [44:18,  4.80s/it]Getting Predictions: 550it [44:23,  4.88s/it]Getting Predictions: 551it [44:28,  4.89s/it]Getting Predictions: 552it [44:33,  4.89s/it]Getting Predictions: 553it [44:37,  4.88s/it]Getting Predictions: 554it [44:42,  4.85s/it]Getting Predictions: 555it [44:47,  4.83s/it]Getting Predictions: 556it [44:52,  4.78s/it]Getting Predictions: 557it [44:56,  4.81s/it]Getting Predictions: 558it [45:02,  4.89s/it]Getting Predictions: 559it [45:06,  4.80s/it]Getting Predictions: 560it [45:12,  5.00s/it]Getting Predictions: 561it [45:17,  5.00s/it]Getting Predictions: 562it [45:22,  5.03s/it]Getting Predictions: 563it [45:27,  5.10s/it]Getting Predictions: 564it [45:32,  4.95s/it]Getting Predictions: 565it [45:36,  4.91s/it]Getting Predictions: 566it [45:41,  4.82s/it]Getting Predictions: 567it [45:46,  4.84s/it]Getting Predictions: 568it [45:51,  4.86s/it]Getting Predictions: 569it [45:56,  4.82s/it]Getting Predictions: 570it [46:01,  4.88s/it]Getting Predictions: 571it [46:06,  4.99s/it]Getting Predictions: 572it [46:11,  5.02s/it]Getting Predictions: 573it [46:16,  5.00s/it]Getting Predictions: 574it [46:20,  4.83s/it]Getting Predictions: 575it [46:25,  4.82s/it]Getting Predictions: 576it [46:30,  4.85s/it]Getting Predictions: 577it [46:35,  4.89s/it]Getting Predictions: 578it [46:40,  4.91s/it]Getting Predictions: 579it [46:45,  4.80s/it]Getting Predictions: 580it [46:49,  4.85s/it]Getting Predictions: 581it [46:55,  4.99s/it]Getting Predictions: 582it [47:00,  4.96s/it]Getting Predictions: 583it [47:05,  4.99s/it]Getting Predictions: 584it [47:10,  5.03s/it]Getting Predictions: 585it [47:15,  4.97s/it]Getting Predictions: 586it [47:19,  4.85s/it]Getting Predictions: 587it [47:24,  4.82s/it]Getting Predictions: 588it [47:29,  4.85s/it]Getting Predictions: 589it [47:34,  4.82s/it]Getting Predictions: 590it [47:39,  4.84s/it]Getting Predictions: 591it [47:44,  4.94s/it]Getting Predictions: 592it [47:51,  5.62s/it]Getting Predictions: 593it [47:56,  5.36s/it]Getting Predictions: 594it [48:01,  5.25s/it]Getting Predictions: 595it [48:05,  5.08s/it]Getting Predictions: 596it [48:10,  4.89s/it]Getting Predictions: 597it [48:15,  4.85s/it]Getting Predictions: 598it [48:19,  4.79s/it]Getting Predictions: 599it [48:24,  4.71s/it]Getting Predictions: 600it [48:29,  4.72s/it]Getting Predictions: 601it [48:33,  4.68s/it]Getting Predictions: 602it [48:38,  4.65s/it]Getting Predictions: 603it [48:42,  4.62s/it]Getting Predictions: 604it [48:47,  4.63s/it]Getting Predictions: 605it [48:51,  4.61s/it]Getting Predictions: 606it [48:57,  4.78s/it]Getting Predictions: 607it [49:01,  4.76s/it]Getting Predictions: 608it [49:06,  4.73s/it]Getting Predictions: 609it [49:11,  4.82s/it]Getting Predictions: 610it [49:17,  5.08s/it]Getting Predictions: 611it [49:21,  4.90s/it]Getting Predictions: 612it [49:26,  4.85s/it]Getting Predictions: 613it [49:31,  4.79s/it]Getting Predictions: 614it [49:36,  4.84s/it]Getting Predictions: 615it [49:40,  4.77s/it]Getting Predictions: 616it [49:45,  4.73s/it]Getting Predictions: 617it [49:50,  4.78s/it]Getting Predictions: 618it [49:54,  4.73s/it]Getting Predictions: 619it [49:59,  4.69s/it]Getting Predictions: 620it [50:03,  4.65s/it]Getting Predictions: 621it [50:08,  4.65s/it]Getting Predictions: 622it [50:13,  4.69s/it]Getting Predictions: 623it [50:18,  4.80s/it]Getting Predictions: 624it [50:23,  4.79s/it]Getting Predictions: 625it [50:28,  4.86s/it]Getting Predictions: 626it [50:33,  4.88s/it]Getting Predictions: 627it [50:38,  4.92s/it]Getting Predictions: 628it [50:42,  4.86s/it]Getting Predictions: 629it [50:47,  4.93s/it]Getting Predictions: 630it [50:52,  4.84s/it]Getting Predictions: 631it [50:57,  4.82s/it]Getting Predictions: 632it [51:01,  4.66s/it]Getting Predictions: 633it [51:06,  4.65s/it]Getting Predictions: 634it [51:10,  4.55s/it]Getting Predictions: 635it [51:15,  4.63s/it]Getting Predictions: 636it [51:20,  4.81s/it]Getting Predictions: 637it [51:25,  4.84s/it]Getting Predictions: 638it [51:30,  4.79s/it]Getting Predictions: 639it [51:35,  4.97s/it]Getting Predictions: 640it [51:40,  5.06s/it]Getting Predictions: 641it [51:45,  4.96s/it]Getting Predictions: 642it [51:50,  4.96s/it]Getting Predictions: 643it [51:55,  4.83s/it]Getting Predictions: 644it [52:00,  4.87s/it]Getting Predictions: 645it [52:04,  4.82s/it]Getting Predictions: 646it [52:09,  4.86s/it]Getting Predictions: 647it [52:14,  4.85s/it]Getting Predictions: 648it [52:19,  4.98s/it]Getting Predictions: 649it [52:24,  5.01s/it]Getting Predictions: 650it [52:30,  5.02s/it]Getting Predictions: 651it [52:34,  4.91s/it]Getting Predictions: 652it [52:39,  4.84s/it]Getting Predictions: 653it [52:44,  4.89s/it]Getting Predictions: 654it [52:49,  4.96s/it]Getting Predictions: 655it [52:54,  4.97s/it]Getting Predictions: 656it [52:59,  4.89s/it]Getting Predictions: 657it [53:04,  4.89s/it]Getting Predictions: 658it [53:09,  4.93s/it]Getting Predictions: 659it [53:14,  4.94s/it]Getting Predictions: 660it [53:18,  4.93s/it]Getting Predictions: 661it [53:23,  4.85s/it]Getting Predictions: 662it [53:28,  4.81s/it]Getting Predictions: 663it [53:33,  4.78s/it]Getting Predictions: 664it [53:37,  4.79s/it]Getting Predictions: 665it [53:43,  5.02s/it]Getting Predictions: 666it [53:47,  4.84s/it]Getting Predictions: 667it [53:52,  4.88s/it]Getting Predictions: 668it [53:57,  4.81s/it]Getting Predictions: 669it [54:02,  4.87s/it]Getting Predictions: 670it [54:07,  4.92s/it]Getting Predictions: 671it [54:13,  5.12s/it]Getting Predictions: 672it [54:17,  5.04s/it]Getting Predictions: 673it [54:23,  5.11s/it]Getting Predictions: 674it [54:28,  5.09s/it]Getting Predictions: 675it [54:32,  4.92s/it]Getting Predictions: 676it [54:37,  4.79s/it]Getting Predictions: 677it [54:41,  4.75s/it]Getting Predictions: 678it [54:46,  4.72s/it]Getting Predictions: 679it [54:51,  4.78s/it]Getting Predictions: 680it [54:56,  4.81s/it]Getting Predictions: 681it [55:01,  4.83s/it]Getting Predictions: 682it [55:05,  4.76s/it]Getting Predictions: 683it [55:10,  4.87s/it]Getting Predictions: 684it [55:15,  4.87s/it]Getting Predictions: 685it [55:20,  4.76s/it]Getting Predictions: 686it [55:24,  4.70s/it]Getting Predictions: 687it [55:29,  4.68s/it]Getting Predictions: 688it [55:34,  4.70s/it]Getting Predictions: 689it [55:39,  4.77s/it]Getting Predictions: 690it [55:44,  4.94s/it]Getting Predictions: 691it [55:49,  4.85s/it]Getting Predictions: 692it [55:53,  4.83s/it]Getting Predictions: 693it [55:59,  4.92s/it]Getting Predictions: 694it [56:03,  4.88s/it]Getting Predictions: 695it [56:08,  4.84s/it]Getting Predictions: 696it [56:13,  4.83s/it]Getting Predictions: 697it [56:18,  4.94s/it]Getting Predictions: 698it [56:23,  5.05s/it]Getting Predictions: 699it [56:28,  4.86s/it]Getting Predictions: 700it [56:33,  4.85s/it]Getting Predictions: 701it [56:38,  4.97s/it]Getting Predictions: 702it [56:43,  4.91s/it]Getting Predictions: 703it [56:47,  4.83s/it]Getting Predictions: 704it [56:52,  4.84s/it]Getting Predictions: 705it [56:57,  4.87s/it]Getting Predictions: 706it [57:02,  4.76s/it]Getting Predictions: 707it [57:07,  4.84s/it]Getting Predictions: 708it [57:12,  5.00s/it]Getting Predictions: 709it [57:16,  4.81s/it]Getting Predictions: 710it [57:22,  4.96s/it]Getting Predictions: 711it [57:27,  4.94s/it]Getting Predictions: 712it [57:31,  4.80s/it]Getting Predictions: 713it [57:36,  4.77s/it]Getting Predictions: 714it [57:40,  4.74s/it]Getting Predictions: 715it [57:45,  4.78s/it]Getting Predictions: 716it [57:50,  4.82s/it]Getting Predictions: 717it [57:55,  4.84s/it]Getting Predictions: 718it [58:00,  4.81s/it]Getting Predictions: 719it [58:05,  4.77s/it]Getting Predictions: 720it [58:09,  4.63s/it]Getting Predictions: 721it [58:14,  4.74s/it]Getting Predictions: 722it [58:19,  4.76s/it]Getting Predictions: 723it [58:25,  5.34s/it]Getting Predictions: 724it [58:30,  5.18s/it]Getting Predictions: 725it [58:35,  5.02s/it]Getting Predictions: 726it [58:39,  4.85s/it]Getting Predictions: 727it [58:44,  4.75s/it]Getting Predictions: 728it [58:48,  4.71s/it]Getting Predictions: 729it [58:53,  4.68s/it]Getting Predictions: 730it [58:58,  4.70s/it]Getting Predictions: 731it [59:02,  4.67s/it]Getting Predictions: 732it [59:07,  4.74s/it]Getting Predictions: 733it [59:12,  4.68s/it]Getting Predictions: 734it [59:16,  4.67s/it]Getting Predictions: 735it [59:21,  4.63s/it]Getting Predictions: 736it [59:25,  4.56s/it]Getting Predictions: 737it [59:30,  4.53s/it]Getting Predictions: 738it [59:35,  4.65s/it]Getting Predictions: 739it [59:40,  4.73s/it]Getting Predictions: 740it [59:44,  4.65s/it]Getting Predictions: 741it [59:49,  4.64s/it]Getting Predictions: 742it [59:53,  4.64s/it]Getting Predictions: 743it [59:58,  4.78s/it]Getting Predictions: 744it [1:00:03,  4.73s/it]Getting Predictions: 745it [1:00:08,  4.68s/it]Getting Predictions: 746it [1:00:13,  4.85s/it]Getting Predictions: 747it [1:00:18,  4.86s/it]Getting Predictions: 748it [1:00:22,  4.72s/it]Getting Predictions: 749it [1:00:27,  4.66s/it]Getting Predictions: 750it [1:00:31,  4.63s/it]Getting Predictions: 751it [1:00:37,  4.81s/it]Getting Predictions: 752it [1:00:41,  4.80s/it]Getting Predictions: 753it [1:00:46,  4.71s/it]Getting Predictions: 754it [1:00:51,  4.76s/it]Getting Predictions: 755it [1:00:56,  4.82s/it]Getting Predictions: 756it [1:01:00,  4.80s/it]Getting Predictions: 757it [1:01:05,  4.76s/it]Getting Predictions: 758it [1:01:10,  4.74s/it]Getting Predictions: 759it [1:01:15,  4.75s/it]Getting Predictions: 760it [1:01:19,  4.80s/it]Getting Predictions: 761it [1:01:24,  4.75s/it]Getting Predictions: 762it [1:01:29,  4.70s/it]Getting Predictions: 763it [1:01:33,  4.72s/it]Getting Predictions: 764it [1:01:38,  4.76s/it]Getting Predictions: 765it [1:01:43,  4.79s/it]Getting Predictions: 766it [1:01:48,  4.77s/it]Getting Predictions: 767it [1:01:52,  4.68s/it]Getting Predictions: 768it [1:01:57,  4.63s/it]Getting Predictions: 769it [1:02:01,  4.59s/it]Getting Predictions: 770it [1:02:06,  4.65s/it]Getting Predictions: 771it [1:02:11,  4.60s/it]Getting Predictions: 772it [1:02:16,  4.72s/it]Getting Predictions: 773it [1:02:21,  4.81s/it]Getting Predictions: 774it [1:02:25,  4.68s/it]Getting Predictions: 775it [1:02:30,  4.65s/it]Getting Predictions: 776it [1:02:34,  4.70s/it]Getting Predictions: 777it [1:02:39,  4.75s/it]Getting Predictions: 778it [1:02:44,  4.62s/it]Getting Predictions: 779it [1:02:48,  4.67s/it]Getting Predictions: 780it [1:02:53,  4.73s/it]Getting Predictions: 781it [1:02:58,  4.80s/it]Getting Predictions: 782it [1:03:03,  4.79s/it]Getting Predictions: 783it [1:03:07,  4.71s/it]Getting Predictions: 784it [1:03:13,  4.83s/it]Getting Predictions: 785it [1:03:17,  4.80s/it]Getting Predictions: 786it [1:03:22,  4.66s/it]Getting Predictions: 787it [1:03:26,  4.63s/it]Getting Predictions: 788it [1:03:31,  4.64s/it]Getting Predictions: 789it [1:03:36,  4.70s/it]Getting Predictions: 790it [1:03:41,  4.76s/it]Getting Predictions: 791it [1:03:45,  4.72s/it]Getting Predictions: 792it [1:03:50,  4.75s/it]Getting Predictions: 793it [1:03:55,  4.86s/it]Getting Predictions: 794it [1:04:00,  4.90s/it]Getting Predictions: 795it [1:04:05,  4.81s/it]Getting Predictions: 796it [1:04:10,  4.89s/it]Getting Predictions: 797it [1:04:15,  4.87s/it]Getting Predictions: 798it [1:04:19,  4.71s/it]Getting Predictions: 799it [1:04:24,  4.73s/it]Getting Predictions: 800it [1:04:29,  4.73s/it]Getting Predictions: 801it [1:04:34,  4.90s/it]Getting Predictions: 802it [1:04:39,  4.87s/it]Getting Predictions: 803it [1:04:43,  4.83s/it]Getting Predictions: 804it [1:04:49,  4.94s/it]Getting Predictions: 805it [1:04:53,  4.90s/it]Getting Predictions: 806it [1:04:58,  4.90s/it]Getting Predictions: 807it [1:05:03,  4.83s/it]Getting Predictions: 808it [1:05:08,  4.76s/it]Getting Predictions: 809it [1:05:12,  4.69s/it]Getting Predictions: 810it [1:05:17,  4.62s/it]Getting Predictions: 811it [1:05:23,  5.23s/it]Getting Predictions: 812it [1:05:28,  5.00s/it]Getting Predictions: 813it [1:05:32,  4.90s/it]Getting Predictions: 814it [1:05:37,  4.86s/it]Getting Predictions: 815it [1:05:42,  4.90s/it]Getting Predictions: 816it [1:05:47,  4.80s/it]Getting Predictions: 817it [1:05:52,  4.85s/it]Getting Predictions: 818it [1:05:56,  4.78s/it]Getting Predictions: 819it [1:06:01,  4.73s/it]Getting Predictions: 820it [1:06:06,  4.76s/it]Getting Predictions: 821it [1:06:11,  5.06s/it]Getting Predictions: 822it [1:06:16,  5.02s/it]Getting Predictions: 823it [1:06:21,  5.03s/it]Getting Predictions: 824it [1:06:26,  4.96s/it]Getting Predictions: 825it [1:06:31,  4.89s/it]Getting Predictions: 826it [1:06:36,  4.96s/it]Getting Predictions: 827it [1:06:41,  4.97s/it]Getting Predictions: 828it [1:06:46,  4.97s/it]Getting Predictions: 829it [1:06:51,  4.95s/it]Getting Predictions: 830it [1:06:56,  4.93s/it]Getting Predictions: 831it [1:07:01,  4.98s/it]Getting Predictions: 832it [1:07:06,  4.98s/it]Getting Predictions: 833it [1:07:11,  4.96s/it]Getting Predictions: 834it [1:07:16,  4.94s/it]Getting Predictions: 835it [1:07:21,  5.15s/it]Getting Predictions: 836it [1:07:26,  5.14s/it]Getting Predictions: 837it [1:07:31,  5.12s/it]Getting Predictions: 838it [1:07:36,  5.07s/it]Getting Predictions: 839it [1:07:41,  4.91s/it]Getting Predictions: 840it [1:07:46,  4.90s/it]Getting Predictions: 841it [1:07:51,  4.95s/it]Getting Predictions: 842it [1:07:56,  4.98s/it]Getting Predictions: 843it [1:08:01,  5.04s/it]Getting Predictions: 844it [1:08:06,  4.96s/it]Getting Predictions: 845it [1:08:11,  4.96s/it]Getting Predictions: 846it [1:08:16,  4.98s/it]Getting Predictions: 847it [1:08:21,  5.04s/it]Getting Predictions: 848it [1:08:26,  4.92s/it]Getting Predictions: 849it [1:08:30,  4.86s/it]Getting Predictions: 850it [1:08:36,  4.96s/it]Getting Predictions: 851it [1:08:41,  4.98s/it]Getting Predictions: 852it [1:08:45,  4.92s/it]Getting Predictions: 853it [1:08:50,  4.90s/it]Getting Predictions: 854it [1:08:55,  4.80s/it]Getting Predictions: 855it [1:09:00,  4.89s/it]Getting Predictions: 856it [1:09:06,  5.09s/it]Getting Predictions: 857it [1:09:10,  4.93s/it]Getting Predictions: 858it [1:09:15,  4.81s/it]Getting Predictions: 859it [1:09:19,  4.76s/it]Getting Predictions: 860it [1:09:24,  4.82s/it]Getting Predictions: 861it [1:09:29,  4.85s/it]Getting Predictions: 862it [1:09:34,  4.97s/it]Getting Predictions: 863it [1:09:39,  4.98s/it]Getting Predictions: 864it [1:09:44,  4.95s/it]Getting Predictions: 865it [1:09:49,  4.98s/it]Getting Predictions: 866it [1:09:54,  4.93s/it]Getting Predictions: 867it [1:09:59,  4.82s/it]Getting Predictions: 868it [1:10:04,  4.90s/it]Getting Predictions: 869it [1:10:08,  4.75s/it]Getting Predictions: 870it [1:10:13,  4.83s/it]Getting Predictions: 871it [1:10:18,  4.72s/it]Getting Predictions: 872it [1:10:23,  4.79s/it]Getting Predictions: 873it [1:10:28,  4.91s/it]Getting Predictions: 874it [1:10:33,  4.94s/it]Getting Predictions: 875it [1:10:37,  4.85s/it]Getting Predictions: 876it [1:10:42,  4.78s/it]Getting Predictions: 877it [1:10:47,  4.71s/it]Getting Predictions: 878it [1:10:51,  4.69s/it]Getting Predictions: 879it [1:10:56,  4.62s/it]Getting Predictions: 880it [1:11:00,  4.64s/it]Getting Predictions: 881it [1:11:06,  4.88s/it]Getting Predictions: 882it [1:11:11,  5.08s/it]Getting Predictions: 883it [1:11:16,  5.02s/it]Getting Predictions: 884it [1:11:21,  4.88s/it]Getting Predictions: 885it [1:11:26,  4.86s/it]Getting Predictions: 886it [1:11:31,  4.88s/it]Getting Predictions: 887it [1:11:35,  4.89s/it]Getting Predictions: 888it [1:11:41,  4.93s/it]Getting Predictions: 889it [1:11:45,  4.91s/it]Getting Predictions: 890it [1:11:50,  4.94s/it]Getting Predictions: 891it [1:11:55,  4.99s/it]Getting Predictions: 892it [1:12:01,  5.02s/it]Getting Predictions: 893it [1:12:05,  4.99s/it]Getting Predictions: 894it [1:12:10,  4.94s/it]Getting Predictions: 895it [1:12:16,  5.12s/it]Getting Predictions: 896it [1:12:21,  5.06s/it]Getting Predictions: 897it [1:12:26,  5.11s/it]Getting Predictions: 898it [1:12:31,  5.11s/it]Getting Predictions: 899it [1:12:36,  5.05s/it]Getting Predictions: 900it [1:12:41,  4.93s/it]Getting Predictions: 901it [1:12:46,  5.05s/it]Getting Predictions: 902it [1:12:50,  4.84s/it]Getting Predictions: 903it [1:12:55,  4.86s/it]Getting Predictions: 904it [1:13:01,  5.00s/it]Getting Predictions: 905it [1:13:06,  5.02s/it]Getting Predictions: 906it [1:13:11,  5.01s/it]Getting Predictions: 907it [1:13:16,  5.04s/it]Getting Predictions: 908it [1:13:20,  4.89s/it]Getting Predictions: 909it [1:13:25,  4.86s/it]Getting Predictions: 910it [1:13:30,  4.93s/it]Getting Predictions: 911it [1:13:35,  4.88s/it]Getting Predictions: 912it [1:13:40,  4.89s/it]Getting Predictions: 913it [1:13:45,  4.88s/it]Getting Predictions: 914it [1:13:50,  4.96s/it]Getting Predictions: 915it [1:13:55,  5.00s/it]Getting Predictions: 916it [1:14:00,  5.04s/it]Getting Predictions: 917it [1:14:05,  5.05s/it]Getting Predictions: 918it [1:14:10,  5.09s/it]Getting Predictions: 919it [1:14:16,  5.17s/it]Getting Predictions: 920it [1:14:21,  5.06s/it]Getting Predictions: 921it [1:14:25,  4.94s/it]Getting Predictions: 922it [1:14:30,  4.94s/it]Getting Predictions: 923it [1:14:35,  4.94s/it]Getting Predictions: 924it [1:14:40,  5.00s/it]Getting Predictions: 925it [1:14:45,  5.00s/it]Getting Predictions: 926it [1:14:50,  5.05s/it]Getting Predictions: 927it [1:14:55,  5.02s/it]Getting Predictions: 928it [1:15:00,  4.97s/it]Getting Predictions: 929it [1:15:06,  5.12s/it]Getting Predictions: 930it [1:15:11,  5.06s/it]Getting Predictions: 931it [1:15:16,  5.30s/it]Getting Predictions: 932it [1:15:21,  5.12s/it]Getting Predictions: 933it [1:15:26,  5.06s/it]Getting Predictions: 934it [1:15:31,  5.01s/it]Getting Predictions: 935it [1:15:36,  5.00s/it]Getting Predictions: 936it [1:15:40,  4.84s/it]Getting Predictions: 937it [1:15:45,  4.91s/it]Getting Predictions: 938it [1:15:50,  4.88s/it]Getting Predictions: 939it [1:15:55,  4.86s/it]Getting Predictions: 940it [1:15:59,  4.70s/it]Getting Predictions: 941it [1:16:04,  4.71s/it]Getting Predictions: 942it [1:16:09,  4.80s/it]Getting Predictions: 943it [1:16:15,  4.97s/it]Getting Predictions: 944it [1:16:20,  4.98s/it]Getting Predictions: 945it [1:16:25,  5.10s/it]Getting Predictions: 946it [1:16:30,  5.16s/it]Getting Predictions: 947it [1:16:35,  5.08s/it]Getting Predictions: 948it [1:16:40,  4.93s/it]Getting Predictions: 949it [1:16:44,  4.88s/it]Getting Predictions: 950it [1:16:49,  4.78s/it]Getting Predictions: 951it [1:16:54,  4.84s/it]Getting Predictions: 952it [1:16:59,  4.79s/it]Getting Predictions: 953it [1:17:04,  4.84s/it]Getting Predictions: 954it [1:17:08,  4.77s/it]Getting Predictions: 955it [1:17:13,  4.88s/it]Getting Predictions: 956it [1:17:18,  4.90s/it]Getting Predictions: 957it [1:17:23,  4.89s/it]Getting Predictions: 958it [1:17:28,  4.99s/it]Getting Predictions: 959it [1:17:33,  5.02s/it]Getting Predictions: 960it [1:17:38,  4.93s/it]Getting Predictions: 961it [1:17:43,  4.77s/it]Getting Predictions: 962it [1:17:48,  4.89s/it]Getting Predictions: 963it [1:17:53,  4.89s/it]Getting Predictions: 964it [1:17:58,  4.93s/it]Getting Predictions: 965it [1:18:03,  4.93s/it]Getting Predictions: 966it [1:18:08,  4.99s/it]Getting Predictions: 967it [1:18:12,  4.92s/it]Getting Predictions: 968it [1:18:18,  5.06s/it]Getting Predictions: 969it [1:18:23,  5.09s/it]Getting Predictions: 970it [1:18:28,  5.09s/it]Getting Predictions: 971it [1:18:33,  5.06s/it]Getting Predictions: 972it [1:18:38,  5.06s/it]Getting Predictions: 973it [1:18:43,  5.11s/it]Getting Predictions: 974it [1:18:48,  4.93s/it]Getting Predictions: 975it [1:18:53,  4.85s/it]Getting Predictions: 976it [1:18:57,  4.85s/it]Getting Predictions: 977it [1:19:02,  4.85s/it]Getting Predictions: 978it [1:19:07,  4.84s/it]Getting Predictions: 979it [1:19:13,  5.12s/it]Getting Predictions: 980it [1:19:18,  5.02s/it]Getting Predictions: 981it [1:19:22,  4.90s/it]Getting Predictions: 982it [1:19:27,  4.83s/it]Getting Predictions: 983it [1:19:32,  4.89s/it]Getting Predictions: 984it [1:19:37,  4.82s/it]Getting Predictions: 985it [1:19:41,  4.75s/it]Getting Predictions: 986it [1:19:46,  4.87s/it]Getting Predictions: 987it [1:19:51,  4.80s/it]Getting Predictions: 988it [1:19:56,  4.86s/it]Getting Predictions: 989it [1:20:01,  4.97s/it]Getting Predictions: 990it [1:20:06,  4.93s/it]Getting Predictions: 991it [1:20:11,  4.91s/it]Getting Predictions: 992it [1:20:16,  4.87s/it]Getting Predictions: 993it [1:20:21,  4.91s/it]Getting Predictions: 994it [1:20:26,  5.00s/it]Getting Predictions: 995it [1:20:31,  4.98s/it]Getting Predictions: 996it [1:20:36,  4.95s/it]Getting Predictions: 997it [1:20:40,  4.89s/it]Getting Predictions: 998it [1:20:45,  4.86s/it]Getting Predictions: 999it [1:20:50,  4.78s/it]Getting Predictions: 1000it [1:20:55,  4.85s/it]Getting Predictions: 1001it [1:21:00,  4.90s/it]Getting Predictions: 1002it [1:21:05,  4.98s/it]Getting Predictions: 1003it [1:21:10,  4.98s/it]Getting Predictions: 1004it [1:21:15,  5.11s/it]Getting Predictions: 1005it [1:21:21,  5.14s/it]Getting Predictions: 1006it [1:21:26,  5.18s/it]Getting Predictions: 1007it [1:21:31,  5.21s/it]Getting Predictions: 1008it [1:21:36,  5.12s/it]Getting Predictions: 1009it [1:21:41,  5.00s/it]Getting Predictions: 1010it [1:21:46,  4.90s/it]Getting Predictions: 1011it [1:21:51,  4.97s/it]Getting Predictions: 1012it [1:21:55,  4.91s/it]Getting Predictions: 1013it [1:22:00,  4.91s/it]Getting Predictions: 1014it [1:22:05,  4.80s/it]Getting Predictions: 1015it [1:22:10,  4.78s/it]Getting Predictions: 1016it [1:22:14,  4.80s/it]Getting Predictions: 1017it [1:22:19,  4.84s/it]Getting Predictions: 1018it [1:22:24,  4.92s/it]Getting Predictions: 1019it [1:22:29,  4.80s/it]Getting Predictions: 1020it [1:22:34,  4.80s/it]Getting Predictions: 1021it [1:22:39,  4.82s/it]Getting Predictions: 1022it [1:22:43,  4.80s/it]Getting Predictions: 1023it [1:22:49,  4.91s/it]Getting Predictions: 1024it [1:22:53,  4.91s/it]Getting Predictions: 1025it [1:22:58,  4.81s/it]Getting Predictions: 1026it [1:23:03,  4.80s/it]Getting Predictions: 1027it [1:23:08,  5.03s/it]Getting Predictions: 1028it [1:23:13,  4.90s/it]Getting Predictions: 1029it [1:23:19,  5.09s/it]Getting Predictions: 1030it [1:23:23,  4.99s/it]Getting Predictions: 1031it [1:23:28,  4.89s/it]Getting Predictions: 1032it [1:23:33,  4.82s/it]Getting Predictions: 1033it [1:23:38,  4.86s/it]Getting Predictions: 1034it [1:23:42,  4.83s/it]Getting Predictions: 1035it [1:23:47,  4.90s/it]Getting Predictions: 1036it [1:23:52,  4.77s/it]Getting Predictions: 1037it [1:23:57,  4.81s/it]Getting Predictions: 1038it [1:24:02,  4.81s/it]Getting Predictions: 1039it [1:24:06,  4.80s/it]Getting Predictions: 1040it [1:24:11,  4.77s/it]Getting Predictions: 1041it [1:24:16,  4.70s/it]Getting Predictions: 1042it [1:24:21,  4.84s/it]Getting Predictions: 1043it [1:24:25,  4.78s/it]Getting Predictions: 1044it [1:24:30,  4.85s/it]Getting Predictions: 1045it [1:24:35,  4.84s/it]Getting Predictions: 1046it [1:24:40,  4.86s/it]Getting Predictions: 1047it [1:24:45,  4.97s/it]Getting Predictions: 1048it [1:24:51,  5.07s/it]Getting Predictions: 1049it [1:24:56,  5.05s/it]Getting Predictions: 1050it [1:25:01,  5.03s/it]Getting Predictions: 1051it [1:25:05,  4.93s/it]Getting Predictions: 1052it [1:25:10,  4.81s/it]Getting Predictions: 1053it [1:25:15,  4.79s/it]Getting Predictions: 1054it [1:25:19,  4.75s/it]Getting Predictions: 1055it [1:25:24,  4.80s/it]Getting Predictions: 1056it [1:25:29,  4.83s/it]Getting Predictions: 1057it [1:25:34,  4.73s/it]Getting Predictions: 1058it [1:25:38,  4.73s/it]Getting Predictions: 1059it [1:25:43,  4.67s/it]Getting Predictions: 1060it [1:25:48,  4.82s/it]Getting Predictions: 1061it [1:25:53,  4.78s/it]Getting Predictions: 1062it [1:25:58,  4.86s/it]Getting Predictions: 1063it [1:26:03,  4.89s/it]Getting Predictions: 1064it [1:26:08,  4.97s/it]Getting Predictions: 1065it [1:26:12,  4.86s/it]Getting Predictions: 1066it [1:26:17,  4.90s/it]Getting Predictions: 1067it [1:26:22,  4.76s/it]Getting Predictions: 1068it [1:26:27,  4.76s/it]Getting Predictions: 1069it [1:26:31,  4.77s/it]Getting Predictions: 1070it [1:26:36,  4.80s/it]Getting Predictions: 1071it [1:26:41,  4.78s/it]Getting Predictions: 1072it [1:26:46,  4.80s/it]Getting Predictions: 1073it [1:26:51,  4.85s/it]Getting Predictions: 1074it [1:26:56,  4.80s/it]Getting Predictions: 1075it [1:27:00,  4.83s/it]Getting Predictions: 1076it [1:27:05,  4.76s/it]Getting Predictions: 1077it [1:27:10,  4.78s/it]Getting Predictions: 1078it [1:27:15,  4.85s/it]Getting Predictions: 1079it [1:27:19,  4.78s/it]Getting Predictions: 1080it [1:27:24,  4.82s/it]Getting Predictions: 1081it [1:27:29,  4.73s/it]Getting Predictions: 1082it [1:27:34,  4.76s/it]Getting Predictions: 1083it [1:27:38,  4.75s/it]Getting Predictions: 1084it [1:27:43,  4.71s/it]Getting Predictions: 1085it [1:27:48,  4.65s/it]Getting Predictions: 1086it [1:27:52,  4.70s/it]Getting Predictions: 1087it [1:27:58,  4.82s/it]Getting Predictions: 1088it [1:28:02,  4.77s/it]Getting Predictions: 1089it [1:28:07,  4.86s/it]Getting Predictions: 1090it [1:28:12,  4.84s/it]Getting Predictions: 1091it [1:28:17,  4.84s/it]Getting Predictions: 1092it [1:28:22,  4.92s/it]Getting Predictions: 1093it [1:28:27,  4.95s/it]Getting Predictions: 1094it [1:28:32,  4.97s/it]Getting Predictions: 1095it [1:28:37,  4.87s/it]Getting Predictions: 1096it [1:28:41,  4.83s/it]Getting Predictions: 1097it [1:28:46,  4.80s/it]Getting Predictions: 1098it [1:28:51,  4.80s/it]Getting Predictions: 1099it [1:28:56,  4.86s/it]Getting Predictions: 1100it [1:29:01,  4.90s/it]Getting Predictions: 1101it [1:29:06,  4.87s/it]Getting Predictions: 1102it [1:29:11,  4.85s/it]Getting Predictions: 1103it [1:29:16,  5.00s/it]Getting Predictions: 1104it [1:29:21,  4.95s/it]Getting Predictions: 1105it [1:29:25,  4.88s/it]Getting Predictions: 1106it [1:29:30,  4.75s/it]Getting Predictions: 1107it [1:29:35,  4.83s/it]Getting Predictions: 1108it [1:29:40,  4.78s/it]Getting Predictions: 1109it [1:29:45,  4.94s/it]Getting Predictions: 1110it [1:29:49,  4.76s/it]Getting Predictions: 1111it [1:29:54,  4.78s/it]Getting Predictions: 1112it [1:29:59,  4.77s/it]Getting Predictions: 1113it [1:30:03,  4.72s/it]Getting Predictions: 1114it [1:30:08,  4.77s/it]Getting Predictions: 1115it [1:30:13,  4.86s/it]Getting Predictions: 1116it [1:30:19,  4.94s/it]Getting Predictions: 1117it [1:30:24,  4.97s/it]Getting Predictions: 1118it [1:30:28,  4.85s/it]Getting Predictions: 1119it [1:30:33,  4.84s/it]Getting Predictions: 1120it [1:30:38,  4.96s/it]Getting Predictions: 1121it [1:30:43,  4.94s/it]Getting Predictions: 1122it [1:30:48,  4.86s/it]Getting Predictions: 1123it [1:30:53,  4.86s/it]Getting Predictions: 1124it [1:30:58,  4.97s/it]Getting Predictions: 1125it [1:31:03,  5.03s/it]Getting Predictions: 1126it [1:31:08,  4.98s/it]Getting Predictions: 1127it [1:31:13,  4.88s/it]Getting Predictions: 1128it [1:31:17,  4.84s/it]Getting Predictions: 1129it [1:31:22,  4.77s/it]Getting Predictions: 1130it [1:31:26,  4.73s/it]Getting Predictions: 1131it [1:31:32,  4.86s/it]Getting Predictions: 1132it [1:31:37,  4.86s/it]Getting Predictions: 1133it [1:31:41,  4.89s/it]Getting Predictions: 1134it [1:31:46,  4.82s/it]Getting Predictions: 1135it [1:31:51,  4.70s/it]Getting Predictions: 1136it [1:31:56,  4.81s/it]Getting Predictions: 1137it [1:32:01,  4.83s/it]Getting Predictions: 1138it [1:32:05,  4.78s/it]Getting Predictions: 1139it [1:32:10,  4.81s/it]Getting Predictions: 1140it [1:32:15,  4.76s/it]Getting Predictions: 1141it [1:32:20,  4.83s/it]Getting Predictions: 1142it [1:32:24,  4.77s/it]Getting Predictions: 1143it [1:32:29,  4.65s/it]Getting Predictions: 1144it [1:32:33,  4.64s/it]Getting Predictions: 1145it [1:32:38,  4.60s/it]Getting Predictions: 1146it [1:32:43,  4.79s/it]Getting Predictions: 1147it [1:32:48,  4.83s/it]Getting Predictions: 1148it [1:32:53,  4.83s/it]Getting Predictions: 1149it [1:32:58,  4.84s/it]Getting Predictions: 1150it [1:33:03,  4.88s/it]Getting Predictions: 1151it [1:33:07,  4.87s/it]Getting Predictions: 1152it [1:33:12,  4.89s/it]Getting Predictions: 1153it [1:33:18,  4.99s/it]Getting Predictions: 1154it [1:33:22,  4.88s/it]Getting Predictions: 1155it [1:33:27,  4.93s/it]Getting Predictions: 1156it [1:33:32,  4.82s/it]Getting Predictions: 1157it [1:33:36,  4.75s/it]Getting Predictions: 1158it [1:33:41,  4.75s/it]Getting Predictions: 1159it [1:33:46,  4.75s/it]Getting Predictions: 1160it [1:33:50,  4.66s/it]Getting Predictions: 1161it [1:33:56,  4.80s/it]Getting Predictions: 1162it [1:34:00,  4.71s/it]Getting Predictions: 1163it [1:34:05,  4.74s/it]Getting Predictions: 1164it [1:34:10,  4.75s/it]Getting Predictions: 1165it [1:34:14,  4.68s/it]Getting Predictions: 1166it [1:34:19,  4.66s/it]Getting Predictions: 1167it [1:34:23,  4.67s/it]Getting Predictions: 1168it [1:34:28,  4.70s/it]Getting Predictions: 1169it [1:34:33,  4.71s/it]Getting Predictions: 1170it [1:34:38,  4.70s/it]Getting Predictions: 1171it [1:34:42,  4.74s/it]Getting Predictions: 1172it [1:34:47,  4.83s/it]Getting Predictions: 1173it [1:34:52,  4.76s/it]Getting Predictions: 1174it [1:34:57,  4.73s/it]Getting Predictions: 1175it [1:35:02,  4.79s/it]Getting Predictions: 1176it [1:35:06,  4.78s/it]Getting Predictions: 1177it [1:35:11,  4.82s/it]Getting Predictions: 1178it [1:35:16,  4.81s/it]Getting Predictions: 1179it [1:35:21,  4.83s/it]Getting Predictions: 1180it [1:35:26,  4.80s/it]Getting Predictions: 1181it [1:35:31,  4.89s/it]Getting Predictions: 1182it [1:35:36,  4.86s/it]Getting Predictions: 1183it [1:35:40,  4.68s/it]Getting Predictions: 1184it [1:35:45,  4.69s/it]Getting Predictions: 1185it [1:35:49,  4.62s/it]Getting Predictions: 1186it [1:35:53,  4.53s/it]Getting Predictions: 1187it [1:35:58,  4.57s/it]Getting Predictions: 1188it [1:36:03,  4.78s/it]Getting Predictions: 1189it [1:36:08,  4.77s/it]Getting Predictions: 1190it [1:36:13,  4.77s/it]Getting Predictions: 1191it [1:36:17,  4.72s/it]Getting Predictions: 1192it [1:36:22,  4.65s/it]Getting Predictions: 1193it [1:36:27,  4.65s/it]Getting Predictions: 1194it [1:36:32,  4.76s/it]Getting Predictions: 1195it [1:36:37,  4.85s/it]Getting Predictions: 1196it [1:36:41,  4.72s/it]Getting Predictions: 1197it [1:36:46,  4.86s/it]Getting Predictions: 1198it [1:36:51,  4.93s/it]Getting Predictions: 1199it [1:36:57,  5.00s/it]Getting Predictions: 1200it [1:37:01,  4.95s/it]Getting Predictions: 1201it [1:37:06,  4.96s/it]Getting Predictions: 1202it [1:37:11,  4.96s/it]Getting Predictions: 1203it [1:37:16,  5.00s/it]Getting Predictions: 1204it [1:37:21,  4.92s/it]Getting Predictions: 1205it [1:37:26,  4.79s/it]Getting Predictions: 1206it [1:37:30,  4.67s/it]Getting Predictions: 1207it [1:37:34,  4.60s/it]Getting Predictions: 1208it [1:37:39,  4.67s/it]Getting Predictions: 1209it [1:37:44,  4.75s/it]Getting Predictions: 1210it [1:37:49,  4.71s/it]Getting Predictions: 1211it [1:37:53,  4.69s/it]Getting Predictions: 1212it [1:37:58,  4.68s/it]Getting Predictions: 1213it [1:38:03,  4.70s/it]Getting Predictions: 1214it [1:38:07,  4.68s/it]Getting Predictions: 1215it [1:38:12,  4.68s/it]Getting Predictions: 1216it [1:38:17,  4.75s/it]Getting Predictions: 1217it [1:38:22,  4.71s/it]Getting Predictions: 1218it [1:38:26,  4.64s/it]Getting Predictions: 1219it [1:38:31,  4.77s/it]Getting Predictions: 1220it [1:38:36,  4.80s/it]Getting Predictions: 1221it [1:38:41,  4.85s/it]Getting Predictions: 1222it [1:38:46,  4.85s/it]Getting Predictions: 1223it [1:38:51,  4.92s/it]Getting Predictions: 1224it [1:38:56,  4.87s/it]Getting Predictions: 1225it [1:39:01,  4.85s/it]Getting Predictions: 1226it [1:39:05,  4.84s/it]Getting Predictions: 1227it [1:39:10,  4.79s/it]Getting Predictions: 1228it [1:39:15,  4.76s/it]Getting Predictions: 1229it [1:39:19,  4.73s/it]Getting Predictions: 1230it [1:39:24,  4.68s/it]Getting Predictions: 1231it [1:39:29,  4.79s/it]Getting Predictions: 1232it [1:39:34,  4.80s/it]Getting Predictions: 1233it [1:39:39,  4.85s/it]Getting Predictions: 1234it [1:39:44,  4.83s/it]Getting Predictions: 1235it [1:39:49,  4.88s/it]Getting Predictions: 1236it [1:39:53,  4.79s/it]Getting Predictions: 1237it [1:39:58,  4.77s/it]Getting Predictions: 1238it [1:40:03,  4.74s/it]Getting Predictions: 1239it [1:40:08,  4.83s/it]Getting Predictions: 1240it [1:40:12,  4.77s/it]Getting Predictions: 1241it [1:40:17,  4.72s/it]Getting Predictions: 1242it [1:40:22,  4.78s/it]Getting Predictions: 1243it [1:40:27,  4.77s/it]Getting Predictions: 1244it [1:40:31,  4.70s/it]Getting Predictions: 1245it [1:40:36,  4.77s/it]Getting Predictions: 1246it [1:40:41,  4.73s/it]Getting Predictions: 1247it [1:40:45,  4.74s/it]Getting Predictions: 1248it [1:40:50,  4.68s/it]Getting Predictions: 1249it [1:40:55,  4.70s/it]Getting Predictions: 1250it [1:40:59,  4.61s/it]Getting Predictions: 1251it [1:41:04,  4.70s/it]Getting Predictions: 1252it [1:41:09,  4.81s/it]Getting Predictions: 1253it [1:41:14,  4.82s/it]Getting Predictions: 1254it [1:41:19,  4.89s/it]Getting Predictions: 1255it [1:41:24,  4.85s/it]Getting Predictions: 1256it [1:41:28,  4.82s/it]Getting Predictions: 1257it [1:41:33,  4.81s/it]Getting Predictions: 1258it [1:41:38,  4.71s/it]Getting Predictions: 1259it [1:41:42,  4.71s/it]Getting Predictions: 1260it [1:41:47,  4.73s/it]Getting Predictions: 1261it [1:41:52,  4.69s/it]Getting Predictions: 1262it [1:41:56,  4.65s/it]Getting Predictions: 1263it [1:42:01,  4.72s/it]Getting Predictions: 1264it [1:42:06,  4.65s/it]Getting Predictions: 1265it [1:42:11,  4.73s/it]Getting Predictions: 1266it [1:42:16,  4.81s/it]Getting Predictions: 1267it [1:42:21,  4.97s/it]Getting Predictions: 1268it [1:42:26,  4.90s/it]Getting Predictions: 1269it [1:42:30,  4.83s/it]Getting Predictions: 1270it [1:42:35,  4.78s/it]Getting Predictions: 1271it [1:42:40,  4.89s/it]Getting Predictions: 1272it [1:42:45,  4.94s/it]Getting Predictions: 1273it [1:42:50,  4.91s/it]Getting Predictions: 1274it [1:42:55,  4.89s/it]Getting Predictions: 1275it [1:43:00,  4.92s/it]Getting Predictions: 1276it [1:43:05,  4.94s/it]Getting Predictions: 1277it [1:43:10,  4.93s/it]Getting Predictions: 1278it [1:43:15,  5.01s/it]Getting Predictions: 1279it [1:43:20,  4.98s/it]Getting Predictions: 1280it [1:43:25,  5.05s/it]Getting Predictions: 1281it [1:43:30,  4.96s/it]Getting Predictions: 1282it [1:43:35,  4.92s/it]Getting Predictions: 1283it [1:43:40,  4.93s/it]Getting Predictions: 1284it [1:43:45,  4.94s/it]Getting Predictions: 1285it [1:43:49,  4.89s/it]Getting Predictions: 1286it [1:43:55,  4.95s/it]Getting Predictions: 1287it [1:43:59,  4.78s/it]Getting Predictions: 1288it [1:44:04,  4.90s/it]Getting Predictions: 1289it [1:44:09,  4.83s/it]Getting Predictions: 1290it [1:44:15,  5.16s/it]Getting Predictions: 1291it [1:44:20,  5.14s/it]Getting Predictions: 1292it [1:44:25,  5.03s/it]Getting Predictions: 1293it [1:44:30,  5.12s/it]Getting Predictions: 1294it [1:44:36,  5.28s/it]Getting Predictions: 1295it [1:44:41,  5.27s/it]Getting Predictions: 1296it [1:44:46,  5.22s/it]Getting Predictions: 1297it [1:44:51,  5.11s/it]Getting Predictions: 1298it [1:44:56,  5.01s/it]Getting Predictions: 1299it [1:45:00,  4.90s/it]Getting Predictions: 1300it [1:45:05,  5.00s/it]Getting Predictions: 1301it [1:45:11,  5.29s/it]Getting Predictions: 1302it [1:45:17,  5.33s/it]Getting Predictions: 1303it [1:45:23,  5.46s/it]Getting Predictions: 1304it [1:45:28,  5.44s/it]Getting Predictions: 1305it [1:45:33,  5.25s/it]Getting Predictions: 1306it [1:45:38,  5.15s/it]Getting Predictions: 1307it [1:45:43,  5.16s/it]Getting Predictions: 1308it [1:45:48,  5.14s/it]Getting Predictions: 1309it [1:45:53,  5.07s/it]Getting Predictions: 1310it [1:45:58,  5.02s/it]Getting Predictions: 1311it [1:46:03,  4.97s/it]Getting Predictions: 1312it [1:46:08,  4.99s/it]Getting Predictions: 1313it [1:46:13,  5.04s/it]Getting Predictions: 1314it [1:46:18,  4.94s/it]Getting Predictions: 1315it [1:46:22,  4.86s/it]Getting Predictions: 1316it [1:46:27,  4.76s/it]Getting Predictions: 1317it [1:46:32,  4.79s/it]Getting Predictions: 1318it [1:46:37,  4.83s/it]Getting Predictions: 1319it [1:46:41,  4.75s/it]Getting Predictions: 1320it [1:46:46,  4.70s/it]Getting Predictions: 1321it [1:46:50,  4.74s/it]Getting Predictions: 1322it [1:46:55,  4.80s/it]Getting Predictions: 1323it [1:47:00,  4.86s/it]Getting Predictions: 1324it [1:47:06,  5.00s/it]Getting Predictions: 1325it [1:47:11,  4.95s/it]Getting Predictions: 1326it [1:47:15,  4.84s/it]Getting Predictions: 1327it [1:47:20,  4.72s/it]Getting Predictions: 1328it [1:47:25,  4.92s/it]Getting Predictions: 1329it [1:47:30,  4.98s/it]Getting Predictions: 1330it [1:47:35,  4.95s/it]Getting Predictions: 1331it [1:47:40,  4.92s/it]Getting Predictions: 1332it [1:47:44,  4.78s/it]Getting Predictions: 1333it [1:47:49,  4.81s/it]Getting Predictions: 1334it [1:47:54,  4.77s/it]Getting Predictions: 1335it [1:47:59,  4.80s/it]Getting Predictions: 1336it [1:48:04,  4.88s/it]Getting Predictions: 1337it [1:48:08,  4.82s/it]Getting Predictions: 1338it [1:48:13,  4.86s/it]Getting Predictions: 1339it [1:48:18,  4.86s/it]Getting Predictions: 1340it [1:48:24,  5.08s/it]Getting Predictions: 1341it [1:48:29,  5.07s/it]Getting Predictions: 1342it [1:48:34,  5.03s/it]Getting Predictions: 1343it [1:48:39,  4.92s/it]Getting Predictions: 1344it [1:48:43,  4.91s/it]Getting Predictions: 1345it [1:48:49,  4.99s/it]Getting Predictions: 1346it [1:48:53,  4.93s/it]Getting Predictions: 1347it [1:48:58,  4.80s/it]Getting Predictions: 1348it [1:49:02,  4.73s/it]Getting Predictions: 1349it [1:49:07,  4.76s/it]Getting Predictions: 1350it [1:49:12,  4.79s/it]Getting Predictions: 1351it [1:49:17,  4.77s/it]Getting Predictions: 1352it [1:49:22,  4.87s/it]Getting Predictions: 1353it [1:49:27,  4.84s/it]Getting Predictions: 1354it [1:49:32,  4.87s/it]Getting Predictions: 1355it [1:49:37,  4.92s/it]Getting Predictions: 1356it [1:49:41,  4.86s/it]Getting Predictions: 1357it [1:49:47,  4.94s/it]Getting Predictions: 1358it [1:49:51,  4.88s/it]Getting Predictions: 1359it [1:49:57,  5.06s/it]Getting Predictions: 1360it [1:50:02,  5.04s/it]Getting Predictions: 1361it [1:50:07,  5.03s/it]Getting Predictions: 1362it [1:50:12,  5.02s/it]Getting Predictions: 1363it [1:50:17,  4.97s/it]Getting Predictions: 1364it [1:50:22,  4.94s/it]Getting Predictions: 1365it [1:50:26,  4.90s/it]Getting Predictions: 1366it [1:50:31,  4.80s/it]Getting Predictions: 1367it [1:50:36,  4.89s/it]Getting Predictions: 1368it [1:50:41,  4.82s/it]Getting Predictions: 1369it [1:50:46,  4.84s/it]Getting Predictions: 1370it [1:50:50,  4.78s/it]Getting Predictions: 1371it [1:50:55,  4.87s/it]Getting Predictions: 1372it [1:51:00,  4.87s/it]Getting Predictions: 1373it [1:51:05,  4.80s/it]Getting Predictions: 1374it [1:51:09,  4.77s/it]Getting Predictions: 1375it [1:51:14,  4.83s/it]Getting Predictions: 1376it [1:51:20,  4.92s/it]Getting Predictions: 1377it [1:51:25,  5.15s/it]Getting Predictions: 1378it [1:51:30,  5.15s/it]Getting Predictions: 1379it [1:51:36,  5.40s/it]Getting Predictions: 1380it [1:51:40,  4.87s/it]Getting Predictions: 1381it [1:51:45,  4.90s/it]Getting Predictions: 1382it [1:51:50,  4.97s/it]Getting Predictions: 1383it [1:51:55,  4.98s/it]Getting Predictions: 1384it [1:52:00,  4.91s/it]Getting Predictions: 1385it [1:52:05,  4.84s/it]Getting Predictions: 1386it [1:52:09,  4.87s/it]Getting Predictions: 1387it [1:52:14,  4.89s/it]Getting Predictions: 1388it [1:52:19,  4.84s/it]Getting Predictions: 1389it [1:52:24,  4.73s/it]Getting Predictions: 1390it [1:52:29,  4.84s/it]Getting Predictions: 1391it [1:52:33,  4.72s/it]Getting Predictions: 1392it [1:52:38,  4.82s/it]Getting Predictions: 1393it [1:52:43,  4.89s/it]Getting Predictions: 1394it [1:52:48,  4.94s/it]Getting Predictions: 1395it [1:52:53,  4.76s/it]Getting Predictions: 1396it [1:52:58,  4.79s/it]Getting Predictions: 1397it [1:53:02,  4.79s/it]Getting Predictions: 1398it [1:53:07,  4.76s/it]Getting Predictions: 1399it [1:53:11,  4.68s/it]Getting Predictions: 1400it [1:53:16,  4.74s/it]Getting Predictions: 1401it [1:53:22,  4.97s/it]Getting Predictions: 1402it [1:53:27,  4.98s/it]Getting Predictions: 1403it [1:53:31,  4.82s/it]Getting Predictions: 1404it [1:53:36,  4.88s/it]Getting Predictions: 1405it [1:53:41,  4.89s/it]Getting Predictions: 1406it [1:53:46,  4.78s/it]Getting Predictions: 1407it [1:53:51,  4.78s/it]Getting Predictions: 1408it [1:53:55,  4.74s/it]Getting Predictions: 1409it [1:54:00,  4.77s/it]Getting Predictions: 1410it [1:54:05,  4.96s/it]Getting Predictions: 1411it [1:54:10,  4.82s/it]Getting Predictions: 1412it [1:54:15,  4.86s/it]Getting Predictions: 1413it [1:54:20,  4.99s/it]Getting Predictions: 1414it [1:54:25,  4.89s/it]Getting Predictions: 1415it [1:54:30,  4.98s/it]Getting Predictions: 1416it [1:54:35,  4.95s/it]Getting Predictions: 1417it [1:54:40,  4.87s/it]Getting Predictions: 1418it [1:54:44,  4.82s/it]Getting Predictions: 1419it [1:54:50,  4.98s/it]Getting Predictions: 1420it [1:54:54,  4.88s/it]Getting Predictions: 1421it [1:54:59,  4.86s/it]Getting Predictions: 1422it [1:55:04,  5.00s/it]Getting Predictions: 1423it [1:55:09,  4.98s/it]Getting Predictions: 1424it [1:55:14,  4.97s/it]Getting Predictions: 1425it [1:55:19,  4.84s/it]Getting Predictions: 1426it [1:55:23,  4.71s/it]Getting Predictions: 1427it [1:55:28,  4.64s/it]Getting Predictions: 1428it [1:55:32,  4.67s/it]Getting Predictions: 1429it [1:55:37,  4.70s/it]Getting Predictions: 1430it [1:55:42,  4.67s/it]Getting Predictions: 1431it [1:55:46,  4.65s/it]Getting Predictions: 1432it [1:55:51,  4.74s/it]Getting Predictions: 1433it [1:55:56,  4.84s/it]Getting Predictions: 1434it [1:56:01,  4.81s/it]Getting Predictions: 1435it [1:56:06,  4.79s/it]Getting Predictions: 1436it [1:56:11,  4.90s/it]Getting Predictions: 1437it [1:56:16,  4.78s/it]Getting Predictions: 1438it [1:56:20,  4.74s/it]Getting Predictions: 1439it [1:56:25,  4.87s/it]Getting Predictions: 1440it [1:56:30,  4.87s/it]Getting Predictions: 1441it [1:56:35,  4.92s/it]Getting Predictions: 1442it [1:56:40,  4.97s/it]Getting Predictions: 1443it [1:56:45,  4.96s/it]Getting Predictions: 1444it [1:56:50,  4.96s/it]Getting Predictions: 1445it [1:57:09,  9.15s/it]Getting Predictions: 1446it [1:57:14,  7.86s/it]Getting Predictions: 1447it [1:57:19,  6.97s/it]Getting Predictions: 1448it [1:57:24,  6.44s/it]Getting Predictions: 1449it [1:57:29,  5.90s/it]Getting Predictions: 1450it [1:57:33,  5.46s/it]Getting Predictions: 1451it [1:57:38,  5.17s/it]Getting Predictions: 1452it [1:57:42,  5.00s/it]Getting Predictions: 1453it [1:57:48,  5.10s/it]Getting Predictions: 1454it [1:57:53,  5.05s/it]Getting Predictions: 1455it [1:57:57,  4.96s/it]Getting Predictions: 1456it [1:58:02,  4.76s/it]Getting Predictions: 1457it [1:58:07,  4.85s/it]Getting Predictions: 1458it [1:58:11,  4.82s/it]Getting Predictions: 1459it [1:58:16,  4.87s/it]Getting Predictions: 1460it [1:58:21,  4.79s/it]Getting Predictions: 1461it [1:58:26,  4.79s/it]Getting Predictions: 1462it [1:58:31,  4.86s/it]Getting Predictions: 1463it [1:58:36,  4.87s/it]Getting Predictions: 1464it [1:58:41,  4.88s/it]Getting Predictions: 1465it [1:58:46,  4.92s/it]Getting Predictions: 1466it [1:58:50,  4.80s/it]Getting Predictions: 1467it [1:58:55,  4.70s/it]Getting Predictions: 1468it [1:59:00,  4.77s/it]Getting Predictions: 1469it [1:59:05,  4.83s/it]Getting Predictions: 1470it [1:59:09,  4.84s/it]Getting Predictions: 1471it [1:59:14,  4.88s/it]Getting Predictions: 1472it [1:59:19,  4.79s/it]Getting Predictions: 1473it [1:59:24,  4.80s/it]Getting Predictions: 1474it [1:59:28,  4.76s/it]Getting Predictions: 1475it [1:59:33,  4.82s/it]Getting Predictions: 1476it [1:59:38,  4.73s/it]Getting Predictions: 1477it [1:59:43,  4.89s/it]Getting Predictions: 1478it [1:59:49,  5.04s/it]Getting Predictions: 1479it [1:59:54,  5.02s/it]Getting Predictions: 1480it [1:59:58,  4.88s/it]Getting Predictions: 1481it [2:00:03,  4.82s/it]Getting Predictions: 1482it [2:00:08,  4.78s/it]Getting Predictions: 1483it [2:00:12,  4.75s/it]Getting Predictions: 1484it [2:00:17,  4.88s/it]Getting Predictions: 1485it [2:00:23,  5.00s/it]Getting Predictions: 1486it [2:00:28,  4.99s/it]Getting Predictions: 1487it [2:00:33,  5.05s/it]Getting Predictions: 1488it [2:00:38,  5.08s/it]Getting Predictions: 1489it [2:00:43,  5.10s/it]Getting Predictions: 1490it [2:00:48,  5.07s/it]Getting Predictions: 1491it [2:00:53,  4.92s/it]Getting Predictions: 1492it [2:00:57,  4.88s/it]Getting Predictions: 1493it [2:01:03,  5.08s/it]Getting Predictions: 1494it [2:01:08,  5.13s/it]Getting Predictions: 1495it [2:01:13,  5.14s/it]Getting Predictions: 1496it [2:01:18,  5.06s/it]Getting Predictions: 1497it [2:01:23,  4.88s/it]Getting Predictions: 1498it [2:01:27,  4.82s/it]Getting Predictions: 1499it [2:01:32,  4.84s/it]Getting Predictions: 1500it [2:01:37,  4.94s/it]Getting Predictions: 2901it [2:01:43, 83.57it/s]Getting Predictions: 2901it [2:02:00, 83.57it/s]Getting Predictions: 2905it [2:02:02, 31.56it/s]Getting Predictions: 2906it [2:02:07, 26.00it/s]Getting Predictions: 2906it [2:02:20, 26.00it/s]Getting Predictions: 2909it [2:02:22, 14.45it/s]Getting Predictions: 2910it [2:02:26, 12.22it/s]Getting Predictions: 2910it [2:02:40, 12.22it/s]Getting Predictions: 2913it [2:02:41,  7.11it/s]Getting Predictions: 2914it [2:02:46,  5.98it/s]Getting Predictions: 2917it [2:03:00,  3.62it/s]Getting Predictions: 2918it [2:03:04,  3.08it/s]Getting Predictions: 2920it [2:03:14,  2.13it/s]Getting Predictions: 2922it [2:03:24,  1.50it/s]Getting Predictions: 2923it [2:03:28,  1.27it/s]Getting Predictions: 2924it [2:03:33,  1.06it/s]Getting Predictions: 2925it [2:03:38,  1.16s/it]Getting Predictions: 2926it [2:03:43,  1.44s/it]Getting Predictions: 2927it [2:03:47,  1.76s/it]Getting Predictions: 2928it [2:03:52,  2.10s/it]Getting Predictions: 2929it [2:03:57,  2.58s/it]Getting Predictions: 2930it [2:04:02,  2.97s/it]Getting Predictions: 2931it [2:04:07,  3.38s/it]Getting Predictions: 2932it [2:04:12,  3.73s/it]Getting Predictions: 2933it [2:04:17,  3.97s/it]Getting Predictions: 2934it [2:04:22,  4.18s/it]Getting Predictions: 2935it [2:04:27,  4.39s/it]Getting Predictions: 2936it [2:04:32,  4.52s/it]Getting Predictions: 2937it [2:04:37,  4.65s/it]Getting Predictions: 2938it [2:04:41,  4.67s/it]Getting Predictions: 2939it [2:04:46,  4.69s/it]Getting Predictions: 2940it [2:04:51,  4.75s/it]Getting Predictions: 2941it [2:04:56,  4.72s/it]Getting Predictions: 2942it [2:05:00,  4.73s/it]Getting Predictions: 2943it [2:05:06,  4.85s/it]Getting Predictions: 2944it [2:05:11,  4.89s/it]Getting Predictions: 2945it [2:05:15,  4.91s/it]Getting Predictions: 2946it [2:05:20,  4.92s/it]Getting Predictions: 2947it [2:05:25,  4.90s/it]Getting Predictions: 2948it [2:05:30,  4.91s/it]Getting Predictions: 2949it [2:05:35,  4.96s/it]Getting Predictions: 2950it [2:05:40,  4.98s/it]Getting Predictions: 2951it [2:05:45,  4.83s/it]Getting Predictions: 2952it [2:05:50,  4.86s/it]Getting Predictions: 2953it [2:05:55,  4.92s/it]Getting Predictions: 2954it [2:05:59,  4.83s/it]Getting Predictions: 2955it [2:06:04,  4.72s/it]Getting Predictions: 2956it [2:06:08,  4.68s/it]Getting Predictions: 2957it [2:06:14,  4.90s/it]Getting Predictions: 2958it [2:06:19,  4.90s/it]Getting Predictions: 2958it [2:06:23,  2.56s/it]
--------------------
Saving Results till -- 0
--------------------
--------------------
Saving Results till -- 100
--------------------
--------------------
Saving Results till -- 200
--------------------
--------------------
Saving Results till -- 300
--------------------
--------------------
Saving Results till -- 400
--------------------
--------------------
Saving Results till -- 500
--------------------
--------------------
Saving Results till -- 600
--------------------
--------------------
Saving Results till -- 700
--------------------
--------------------
Saving Results till -- 800
--------------------
--------------------
Saving Results till -- 900
--------------------
--------------------
Saving Results till -- 1000
--------------------
--------------------
Saving Results till -- 1100
--------------------
--------------------
Saving Results till -- 1200
--------------------
--------------------
Saving Results till -- 1300
--------------------
--------------------
Saving Results till -- 1400
--------------------
--------------------
Saving Results till -- 2900
--------------------
Traceback (most recent call last):
  File "/home/amey/miniconda3/envs/socionet/lib/python3.9/site-packages/urllib3/connectionpool.py", line 712, in urlopen
    self._prepare_proxy(conn)
  File "/home/amey/miniconda3/envs/socionet/lib/python3.9/site-packages/urllib3/connectionpool.py", line 1012, in _prepare_proxy
    conn.connect()
  File "/home/amey/miniconda3/envs/socionet/lib/python3.9/site-packages/urllib3/connection.py", line 374, in connect
    self._tunnel()
  File "/home/amey/miniconda3/envs/socionet/lib/python3.9/http/client.py", line 930, in _tunnel
    raise OSError(f"Tunnel connection failed: {code} {message.strip()}")
OSError: Tunnel connection failed: 302 Moved Temporarily

During handling of the above exception, another exception occurred:

Traceback (most recent call last):
  File "/home/amey/miniconda3/envs/socionet/lib/python3.9/site-packages/requests/adapters.py", line 486, in send
    resp = conn.urlopen(
  File "/home/amey/miniconda3/envs/socionet/lib/python3.9/site-packages/urllib3/connectionpool.py", line 827, in urlopen
    return self.urlopen(
  File "/home/amey/miniconda3/envs/socionet/lib/python3.9/site-packages/urllib3/connectionpool.py", line 827, in urlopen
    return self.urlopen(
  File "/home/amey/miniconda3/envs/socionet/lib/python3.9/site-packages/urllib3/connectionpool.py", line 799, in urlopen
    retries = retries.increment(
  File "/home/amey/miniconda3/envs/socionet/lib/python3.9/site-packages/urllib3/util/retry.py", line 592, in increment
    raise MaxRetryError(_pool, url, error or ResponseError(cause))
urllib3.exceptions.MaxRetryError: HTTPSConnectionPool(host='api.together.xyz', port=443): Max retries exceeded with url: /v1/chat/completions (Caused by ProxyError('Cannot connect to proxy.', OSError('Tunnel connection failed: 302 Moved Temporarily')))

During handling of the above exception, another exception occurred:

Traceback (most recent call last):
  File "/home/amey/miniconda3/envs/socionet/lib/python3.9/site-packages/together/abstract/api_requestor.py", line 489, in request_raw
    result = _thread_context.session.request(
  File "/home/amey/miniconda3/envs/socionet/lib/python3.9/site-packages/requests/sessions.py", line 589, in request
    resp = self.send(prep, **send_kwargs)
  File "/home/amey/miniconda3/envs/socionet/lib/python3.9/site-packages/requests/sessions.py", line 703, in send
    r = adapter.send(request, **kwargs)
  File "/home/amey/miniconda3/envs/socionet/lib/python3.9/site-packages/requests/adapters.py", line 513, in send
    raise ProxyError(e, request=request)
requests.exceptions.ProxyError: HTTPSConnectionPool(host='api.together.xyz', port=443): Max retries exceeded with url: /v1/chat/completions (Caused by ProxyError('Cannot connect to proxy.', OSError('Tunnel connection failed: 302 Moved Temporarily')))

During handling of the above exception, another exception occurred:

Traceback (most recent call last):
  File "/home/amey/depository/cs-eval/togetherai_inference_llama3_zs.py", line 79, in <module>
    content = predict(prompt, system_description)  
  File "/home/amey/depository/cs-eval/togetherai_inference_llama3_zs.py", line 18, in predict
    response = client.chat.completions.create(
  File "/home/amey/miniconda3/envs/socionet/lib/python3.9/site-packages/together/resources/chat/completions.py", line 136, in create
    response, _, _ = requestor.request(
  File "/home/amey/miniconda3/envs/socionet/lib/python3.9/site-packages/together/abstract/api_requestor.py", line 242, in request
    result = self.request_raw(
  File "/home/amey/miniconda3/envs/socionet/lib/python3.9/site-packages/together/abstract/api_requestor.py", line 536, in request_raw
    return self._retry_request(
  File "/home/amey/miniconda3/envs/socionet/lib/python3.9/site-packages/together/abstract/api_requestor.py", line 194, in _retry_request
    return self.request_raw(
  File "/home/amey/miniconda3/envs/socionet/lib/python3.9/site-packages/together/abstract/api_requestor.py", line 520, in request_raw
    response_headers=dict(result.headers),
UnboundLocalError: local variable 'result' referenced before assignment
